0 1
0.00010101 1.00845
0.00020202 1.0169
0.00030303 1.02535
0.00040404 1.03381
0.000505051 1.04226
0.000606061 1.05071
0.000707071 1.05916
0.000808081 1.06761
0.000909091 1.07606
0.0010101 1.08451
0.00111111 1.09297
0.00121212 1.10142
0.00131313 1.10987
0.00141414 1.11832
0.00151515 1.12677
0.00161616 1.13522
0.00171717 1.14367
0.00181818 1.15213
0.00191919 1.16058
0.0020202 1.16903
0.00212121 1.17748
0.00222222 1.18593
0.00232323 1.19438
0.00242424 1.20283
0.00252525 1.21129
0.00262626 1.21974
0.00272727 1.22819
0.00282828 1.23664
0.00292929 1.24509
0.0030303 1.25354
0.00313131 1.27885
0.00323232 1.30417
0.00333333 1.32948
0.00343434 1.35479
0.00353535 1.3801
0.00363636 1.40541
0.00373737 1.43072
0.00383838 1.45603
0.00393939 1.48134
0.0040404 1.50665
0.00414141 1.53196
0.00424242 1.55727
0.00434343 1.58259
0.00444444 1.6079
0.00454545 1.63321
0.00464646 1.65852
0.00474747 1.68383
0.00484848 1.70914
0.00494949 1.73445
0.00505051 1.75976
0.00515152 1.78507
0.00525253 1.81038
0.00535354 1.8357
0.00545455 1.86101
0.00555556 1.88632
0.00565657 1.91163
0.00575758 1.93694
0.00585859 1.96225
0.0059596 1.98756
0.00606061 2.01287
0.00616162 2.03818
0.00626263 2.06349
0.00636364 2.08881
0.00646465 2.11412
0.00656566 2.13943
0.00666667 2.16474
0.00676768 2.19005
0.00686869 2.21536
0.0069697 2.24067
0.00707071 2.26598
0.00717172 2.29129
0.00727273 2.3166
0.00737374 2.34191
0.00747475 2.36723
0.00757576 2.39254
0.00767677 2.41785
0.00777778 2.44316
0.00787879 2.46847
0.0079798 2.49378
0.00808081 2.51909
0.00818182 2.5444
0.00828283 2.56971
0.00838384 2.59502
0.00848485 2.62034
0.00858586 2.64565
0.00868687 2.67096
0.00878788 2.69627
0.00888889 2.72158
0.0089899 2.74689
0.00909091 2.7722
0.00919192 2.79751
0.00929293 2.82282
0.00939394 2.84813
0.00949495 2.87345
0.00959596 2.89876
0.00969697 2.92407
0.00979798 2.94938
0.00989899 2.97469
0.01 3
