0 1
1.001e-05 1.001
2.002e-05 1.002
3.003e-05 1.00301
4.004e-05 1.00401
5.00501e-05 1.00501
6.00601e-05 1.00601
7.00701e-05 1.00701
8.00801e-05 1.00801
9.00901e-05 1.00902
0.0001001 1.01002
0.00011011 1.01102
0.00012012 1.01202
0.00013013 1.01302
0.00014014 1.01402
0.00015015 1.01503
0.00016016 1.01603
0.00017017 1.01703
0.00018018 1.01803
0.00019019 1.01903
0.0002002 1.02004
0.00021021 1.02104
0.00022022 1.02204
0.00023023 1.02304
0.00024024 1.02404
0.00025025 1.02504
0.00026026 1.02605
0.00027027 1.02705
0.00028028 1.02805
0.00029029 1.02905
0.0003003 1.03005
0.00031031 1.03106
0.00032032 1.03206
0.00033033 1.03306
0.00034034 1.03406
0.00035035 1.03506
0.00036036 1.03606
0.00037037 1.03707
0.00038038 1.03807
0.00039039 1.03907
0.0004004 1.04007
0.00041041 1.04107
0.00042042 1.04207
0.00043043 1.04308
0.00044044 1.04408
0.00045045 1.04508
0.00046046 1.04608
0.00047047 1.04708
0.00048048 1.04809
0.00049049 1.04909
0.000500501 1.05009
0.000510511 1.05109
0.000520521 1.05209
0.000530531 1.05309
0.000540541 1.0541
0.000550551 1.0551
0.000560561 1.0561
0.000570571 1.0571
0.000580581 1.0581
0.000590591 1.05911
0.000600601 1.06011
0.000610611 1.06111
0.000620621 1.06211
0.000630631 1.06311
0.000640641 1.06411
0.000650651 1.06512
0.000660661 1.06612
0.000670671 1.06712
0.000680681 1.06812
0.000690691 1.06912
0.000700701 1.07012
0.000710711 1.07113
0.000720721 1.07213
0.000730731 1.07313
0.000740741 1.07413
0.000750751 1.07513
0.000760761 1.07614
0.000770771 1.07714
0.000780781 1.07814
0.000790791 1.07914
0.000800801 1.08014
0.000810811 1.08114
0.000820821 1.08215
0.000830831 1.08315
0.000840841 1.08415
0.000850851 1.08515
0.000860861 1.08615
0.000870871 1.08716
0.000880881 1.08816
0.000890891 1.08916
0.000900901 1.09016
0.000910911 1.09116
0.000920921 1.09216
0.000930931 1.09317
0.000940941 1.09417
0.000950951 1.09517
0.000960961 1.09617
0.000970971 1.09717
0.000980981 1.09817
0.000990991 1.09918
0.001001 1.10018
0.00101101 1.10118
0.00102102 1.10218
0.00103103 1.10318
0.00104104 1.10419
0.00105105 1.10519
0.00106106 1.10619
0.00107107 1.10719
0.00108108 1.10819
0.00109109 1.10919
0.0011011 1.1102
0.00111111 1.1112
0.00112112 1.1122
0.00113113 1.1132
0.00114114 1.1142
0.00115115 1.11521
0.00116116 1.11621
0.00117117 1.11721
0.00118118 1.11821
0.00119119 1.11921
0.0012012 1.12021
0.00121121 1.12122
0.00122122 1.12222
0.00123123 1.12322
0.00124124 1.12422
0.00125125 1.12522
0.00126126 1.12622
0.00127127 1.12723
0.00128128 1.12823
0.00129129 1.12923
0.0013013 1.13023
0.00131131 1.13123
0.00132132 1.13224
0.00133133 1.13324
0.00134134 1.13424
0.00135135 1.13524
0.00136136 1.13624
0.00137137 1.13724
0.00138138 1.13825
0.00139139 1.13925
0.0014014 1.14025
0.00141141 1.14125
0.00142142 1.14225
0.00143143 1.14326
0.00144144 1.14426
0.00145145 1.14526
0.00146146 1.14626
0.00147147 1.14726
0.00148148 1.14826
0.00149149 1.14927
0.0015015 1.15027
0.00151151 1.15127
0.00152152 1.15227
0.00153153 1.15327
0.00154154 1.15427
0.00155155 1.15528
0.00156156 1.15628
0.00157157 1.15728
0.00158158 1.15828
0.00159159 1.15928
0.0016016 1.16029
0.00161161 1.16129
0.00162162 1.16229
0.00163163 1.16329
0.00164164 1.16429
0.00165165 1.16529
0.00166166 1.1663
0.00167167 1.1673
0.00168168 1.1683
0.00169169 1.1693
0.0017017 1.1703
0.00171171 1.17131
0.00172172 1.17231
0.00173173 1.17331
0.00174174 1.17431
0.00175175 1.17531
0.00176176 1.17631
0.00177177 1.17732
0.00178178 1.17832
0.00179179 1.17932
0.0018018 1.18032
0.00181181 1.18132
0.00182182 1.18232
0.00183183 1.18333
0.00184184 1.18433
0.00185185 1.18533
0.00186186 1.18633
0.00187187 1.18733
0.00188188 1.18834
0.00189189 1.18934
0.0019019 1.19034
0.00191191 1.19134
0.00192192 1.19234
0.00193193 1.19334
0.00194194 1.19435
0.00195195 1.19535
0.00196196 1.19635
0.00197197 1.19735
0.00198198 1.19835
0.00199199 1.19936
0.002002 1.20036
0.00201201 1.20136
0.00202202 1.20236
0.00203203 1.20336
0.00204204 1.20436
0.00205205 1.20537
0.00206206 1.20637
0.00207207 1.20737
0.00208208 1.20837
0.00209209 1.20937
0.0021021 1.21037
0.00211211 1.21138
0.00212212 1.21238
0.00213213 1.21338
0.00214214 1.21438
0.00215215 1.21538
0.00216216 1.21639
0.00217217 1.21739
0.00218218 1.21839
0.00219219 1.21939
0.0022022 1.22039
0.00221221 1.22139
0.00222222 1.2224
0.00223223 1.2234
0.00224224 1.2244
0.00225225 1.2254
0.00226226 1.2264
0.00227227 1.22741
0.00228228 1.22841
0.00229229 1.22941
0.0023023 1.23041
0.00231231 1.23141
0.00232232 1.23241
0.00233233 1.23342
0.00234234 1.23442
0.00235235 1.23542
0.00236236 1.23642
0.00237237 1.23742
0.00238238 1.23842
0.00239239 1.23943
0.0024024 1.24043
0.00241241 1.24143
0.00242242 1.24243
0.00243243 1.24343
0.00244244 1.24444
0.00245245 1.24544
0.00246246 1.24644
0.00247247 1.24744
0.00248248 1.24844
0.00249249 1.24944
0.0025025 1.25045
0.00251251 1.25145
0.00252252 1.25245
0.00253253 1.25345
0.00254254 1.25445
0.00255255 1.25546
0.00256256 1.25646
0.00257257 1.25746
0.00258258 1.25846
0.00259259 1.25946
0.0026026 1.26046
0.00261261 1.26147
0.00262262 1.26247
0.00263263 1.26347
0.00264264 1.26447
0.00265265 1.26547
0.00266266 1.26647
0.00267267 1.26748
0.00268268 1.26848
0.00269269 1.26948
0.0027027 1.27048
0.00271271 1.27148
0.00272272 1.27249
0.00273273 1.27349
0.00274274 1.27449
0.00275275 1.27549
0.00276276 1.27649
0.00277277 1.27749
0.00278278 1.2785
0.00279279 1.2795
0.0028028 1.2805
0.00281281 1.2815
0.00282282 1.2825
0.00283283 1.28351
0.00284284 1.28451
0.00285285 1.28551
0.00286286 1.28651
0.00287287 1.28751
0.00288288 1.28851
0.00289289 1.28952
0.0029029 1.29052
0.00291291 1.29152
0.00292292 1.29252
0.00293293 1.29352
0.00294294 1.29452
0.00295295 1.29553
0.00296296 1.29653
0.00297297 1.29753
0.00298298 1.29853
0.00299299 1.29953
0.003003 1.30054
0.00301301 1.30154
0.00302302 1.30254
0.00303303 1.30354
0.00304304 1.30454
0.00305305 1.30554
0.00306306 1.30655
0.00307307 1.30755
0.00308308 1.30855
0.00309309 1.30955
0.0031031 1.31055
0.00311311 1.31156
0.00312312 1.31256
0.00313313 1.31356
0.00314314 1.31456
0.00315315 1.31556
0.00316316 1.31656
0.00317317 1.31757
0.00318318 1.31857
0.00319319 1.31957
0.0032032 1.32057
0.00321321 1.32157
0.00322322 1.32257
0.00323323 1.32358
0.00324324 1.32458
0.00325325 1.32558
0.00326326 1.32658
0.00327327 1.32758
0.00328328 1.32859
0.00329329 1.32959
0.0033033 1.33059
0.00331331 1.33159
0.00332332 1.33259
0.00333333 1.33359
0.00334334 1.3346
0.00335335 1.3356
0.00336336 1.3366
0.00337337 1.3376
0.00338338 1.3386
0.00339339 1.33961
0.0034034 1.34061
0.00341341 1.34161
0.00342342 1.34261
0.00343343 1.34361
0.00344344 1.34461
0.00345345 1.34562
0.00346346 1.34662
0.00347347 1.34762
0.00348348 1.34862
0.00349349 1.34962
0.0035035 1.35062
0.00351351 1.35163
0.00352352 1.35263
0.00353353 1.35363
0.00354354 1.35463
0.00355355 1.35563
0.00356356 1.35664
0.00357357 1.35764
0.00358358 1.35864
0.00359359 1.35964
0.0036036 1.36064
0.00361361 1.36164
0.00362362 1.36265
0.00363363 1.36365
0.00364364 1.36465
0.00365365 1.36565
0.00366366 1.36665
0.00367367 1.36766
0.00368368 1.36866
0.00369369 1.36966
0.0037037 1.37066
0.00371371 1.37166
0.00372372 1.37266
0.00373373 1.37367
0.00374374 1.37467
0.00375375 1.37567
0.00376376 1.37667
0.00377377 1.37767
0.00378378 1.37867
0.00379379 1.37968
0.0038038 1.38068
0.00381381 1.38168
0.00382382 1.38268
0.00383383 1.38368
0.00384384 1.38469
0.00385385 1.38569
0.00386386 1.38669
0.00387387 1.38769
0.00388388 1.38869
0.00389389 1.38969
0.0039039 1.3907
0.00391391 1.3917
0.00392392 1.3927
0.00393393 1.3937
0.00394394 1.3947
0.00395395 1.39571
0.00396396 1.39671
0.00397397 1.39771
0.00398398 1.39871
0.00399399 1.39971
0.004004 1.40071
0.00401401 1.40172
0.00402402 1.40272
0.00403403 1.40372
0.00404404 1.40472
0.00405405 1.40572
0.00406406 1.40672
0.00407407 1.40773
0.00408408 1.40873
0.00409409 1.40973
0.0041041 1.41073
0.00411411 1.41173
0.00412412 1.41274
0.00413413 1.41374
0.00414414 1.41474
0.00415415 1.41574
0.00416416 1.41674
0.00417417 1.41774
0.00418418 1.41875
0.00419419 1.41975
0.0042042 1.42075
0.00421421 1.42175
0.00422422 1.42275
0.00423423 1.42376
0.00424424 1.42476
0.00425425 1.42576
0.00426426 1.42676
0.00427427 1.42776
0.00428428 1.42876
0.00429429 1.42977
0.0043043 1.43077
0.00431431 1.43177
0.00432432 1.43277
0.00433433 1.43377
0.00434434 1.43477
0.00435435 1.43578
0.00436436 1.43678
0.00437437 1.43778
0.00438438 1.43878
0.00439439 1.43978
0.0044044 1.44079
0.00441441 1.44179
0.00442442 1.44279
0.00443443 1.44379
0.00444444 1.44479
0.00445445 1.44579
0.00446446 1.4468
0.00447447 1.4478
0.00448448 1.4488
0.00449449 1.4498
0.0045045 1.4508
0.00451451 1.45181
0.00452452 1.45281
0.00453453 1.45381
0.00454454 1.45481
0.00455455 1.45581
0.00456456 1.45681
0.00457457 1.45782
0.00458458 1.45882
0.00459459 1.45982
0.0046046 1.46082
0.00461461 1.46182
0.00462462 1.46282
0.00463463 1.46383
0.00464464 1.46483
0.00465465 1.46583
0.00466466 1.46683
0.00467467 1.46783
0.00468468 1.46884
0.00469469 1.46984
0.0047047 1.47084
0.00471471 1.47184
0.00472472 1.47284
0.00473473 1.47384
0.00474474 1.47485
0.00475475 1.47585
0.00476476 1.47685
0.00477477 1.47785
0.00478478 1.47885
0.00479479 1.47986
0.0048048 1.48086
0.00481481 1.48186
0.00482482 1.48286
0.00483483 1.48386
0.00484484 1.48486
0.00485485 1.48587
0.00486486 1.48687
0.00487487 1.48787
0.00488488 1.48887
0.00489489 1.48987
0.0049049 1.49087
0.00491491 1.49188
0.00492492 1.49288
0.00493493 1.49388
0.00494494 1.49488
0.00495495 1.49588
0.00496496 1.49689
0.00497497 1.49789
0.00498498 1.49889
0.00499499 1.49989
0.00500501 1.50289
0.00501502 1.50589
0.00502503 1.50889
0.00503504 1.51189
0.00504505 1.51489
0.00505506 1.51789
0.00506507 1.52089
0.00507508 1.52389
0.00508509 1.52689
0.0050951 1.52989
0.00510511 1.53289
0.00511512 1.53589
0.00512513 1.53889
0.00513514 1.54189
0.00514515 1.54489
0.00515516 1.54789
0.00516517 1.55089
0.00517518 1.55389
0.00518519 1.55689
0.0051952 1.5599
0.00520521 1.5629
0.00521522 1.5659
0.00522523 1.5689
0.00523524 1.5719
0.00524525 1.5749
0.00525526 1.5779
0.00526527 1.5809
0.00527528 1.5839
0.00528529 1.5869
0.0052953 1.5899
0.00530531 1.5929
0.00531532 1.5959
0.00532533 1.5989
0.00533534 1.6019
0.00534535 1.6049
0.00535536 1.6079
0.00536537 1.6109
0.00537538 1.6139
0.00538539 1.6169
0.0053954 1.6199
0.00540541 1.6229
0.00541542 1.6259
0.00542543 1.6289
0.00543544 1.6319
0.00544545 1.6349
0.00545546 1.6379
0.00546547 1.6409
0.00547548 1.6439
0.00548549 1.6469
0.0054955 1.6499
0.00550551 1.6529
0.00551552 1.6559
0.00552553 1.6589
0.00553554 1.6619
0.00554555 1.6649
0.00555556 1.6679
0.00556557 1.6709
0.00557558 1.6739
0.00558559 1.6769
0.0055956 1.6799
0.00560561 1.6829
0.00561562 1.6859
0.00562563 1.6889
0.00563564 1.6919
0.00564565 1.69491
0.00565566 1.69791
0.00566567 1.70091
0.00567568 1.70391
0.00568569 1.70691
0.0056957 1.70991
0.00570571 1.71291
0.00571572 1.71591
0.00572573 1.71891
0.00573574 1.72191
0.00574575 1.72491
0.00575576 1.72791
0.00576577 1.73091
0.00577578 1.73391
0.00578579 1.73691
0.0057958 1.73991
0.00580581 1.74291
0.00581582 1.74591
0.00582583 1.74891
0.00583584 1.75191
0.00584585 1.75491
0.00585586 1.75791
0.00586587 1.76091
0.00587588 1.76391
0.00588589 1.76691
0.0058959 1.76991
0.00590591 1.77291
0.00591592 1.77591
0.00592593 1.77891
0.00593594 1.78191
0.00594595 1.78491
0.00595596 1.78791
0.00596597 1.79091
0.00597598 1.79391
0.00598599 1.79691
0.005996 1.79991
0.00600601 1.80291
0.00601602 1.80591
0.00602603 1.80891
0.00603604 1.81191
0.00604605 1.81491
0.00605606 1.81791
0.00606607 1.82091
0.00607608 1.82391
0.00608609 1.82691
0.0060961 1.82991
0.00610611 1.83292
0.00611612 1.83592
0.00612613 1.83892
0.00613614 1.84192
0.00614615 1.84492
0.00615616 1.84792
0.00616617 1.85092
0.00617618 1.85392
0.00618619 1.85692
0.0061962 1.85992
0.00620621 1.86292
0.00621622 1.86592
0.00622623 1.86892
0.00623624 1.87192
0.00624625 1.87492
0.00625626 1.87792
0.00626627 1.88092
0.00627628 1.88392
0.00628629 1.88692
0.0062963 1.88992
0.00630631 1.89292
0.00631632 1.89592
0.00632633 1.89892
0.00633634 1.90192
0.00634635 1.90492
0.00635636 1.90792
0.00636637 1.91092
0.00637638 1.91392
0.00638639 1.91692
0.0063964 1.91992
0.00640641 1.92292
0.00641642 1.92592
0.00642643 1.92892
0.00643644 1.93192
0.00644645 1.93492
0.00645646 1.93792
0.00646647 1.94092
0.00647648 1.94392
0.00648649 1.94692
0.0064965 1.94992
0.00650651 1.95292
0.00651652 1.95592
0.00652653 1.95892
0.00653654 1.96192
0.00654655 1.96492
0.00655656 1.96792
0.00656657 1.97093
0.00657658 1.97393
0.00658659 1.97693
0.0065966 1.97993
0.00660661 1.98293
0.00661662 1.98593
0.00662663 1.98893
0.00663664 1.99193
0.00664665 1.99493
0.00665666 1.99793
0.00666667 2.00093
0.00667668 2.00393
0.00668669 2.00693
0.0066967 2.00993
0.00670671 2.01293
0.00671672 2.01593
0.00672673 2.01893
0.00673674 2.02193
0.00674675 2.02493
0.00675676 2.02793
0.00676677 2.03093
0.00677678 2.03393
0.00678679 2.03693
0.0067968 2.03993
0.00680681 2.04293
0.00681682 2.04593
0.00682683 2.04893
0.00683684 2.05193
0.00684685 2.05493
0.00685686 2.05793
0.00686687 2.06093
0.00687688 2.06393
0.00688689 2.06693
0.0068969 2.06993
0.00690691 2.07293
0.00691692 2.07593
0.00692693 2.07893
0.00693694 2.08193
0.00694695 2.08493
0.00695696 2.08793
0.00696697 2.09093
0.00697698 2.09393
0.00698699 2.09693
0.006997 2.09993
0.00700701 2.10293
0.00701702 2.10593
0.00702703 2.10894
0.00703704 2.11194
0.00704705 2.11494
0.00705706 2.11794
0.00706707 2.12094
0.00707708 2.12394
0.00708709 2.12694
0.0070971 2.12994
0.00710711 2.13294
0.00711712 2.13594
0.00712713 2.13894
0.00713714 2.14194
0.00714715 2.14494
0.00715716 2.14794
0.00716717 2.15094
0.00717718 2.15394
0.00718719 2.15694
0.0071972 2.15994
0.00720721 2.16294
0.00721722 2.16594
0.00722723 2.16894
0.00723724 2.17194
0.00724725 2.17494
0.00725726 2.17794
0.00726727 2.18094
0.00727728 2.18394
0.00728729 2.18694
0.0072973 2.18994
0.00730731 2.19294
0.00731732 2.19594
0.00732733 2.19894
0.00733734 2.20194
0.00734735 2.20494
0.00735736 2.20794
0.00736737 2.21094
0.00737738 2.21394
0.00738739 2.21694
0.0073974 2.21994
0.00740741 2.22294
0.00741742 2.22594
0.00742743 2.22894
0.00743744 2.23194
0.00744745 2.23494
0.00745746 2.23794
0.00746747 2.24094
0.00747748 2.24394
0.00748749 2.24695
0.0074975 2.24995
0.00750751 2.25295
0.00751752 2.25595
0.00752753 2.25895
0.00753754 2.26195
0.00754755 2.26495
0.00755756 2.26795
0.00756757 2.27095
0.00757758 2.27395
0.00758759 2.27695
0.0075976 2.27995
0.00760761 2.28295
0.00761762 2.28595
0.00762763 2.28895
0.00763764 2.29195
0.00764765 2.29495
0.00765766 2.29795
0.00766767 2.30095
0.00767768 2.30395
0.00768769 2.30695
0.0076977 2.30995
0.00770771 2.31295
0.00771772 2.31595
0.00772773 2.31895
0.00773774 2.32195
0.00774775 2.32495
0.00775776 2.32795
0.00776777 2.33095
0.00777778 2.33395
0.00778779 2.33695
0.0077978 2.33995
0.00780781 2.34295
0.00781782 2.34595
0.00782783 2.34895
0.00783784 2.35195
0.00784785 2.35495
0.00785786 2.35795
0.00786787 2.36095
0.00787788 2.36395
0.00788789 2.36695
0.0078979 2.36995
0.00790791 2.37295
0.00791792 2.37595
0.00792793 2.37895
0.00793794 2.38196
0.00794795 2.38496
0.00795796 2.38796
0.00796797 2.39096
0.00797798 2.39396
0.00798799 2.39696
0.007998 2.39996
0.00800801 2.40296
0.00801802 2.40596
0.00802803 2.40896
0.00803804 2.41196
0.00804805 2.41496
0.00805806 2.41796
0.00806807 2.42096
0.00807808 2.42396
0.00808809 2.42696
0.0080981 2.42996
0.00810811 2.43296
0.00811812 2.43596
0.00812813 2.43896
0.00813814 2.44196
0.00814815 2.44496
0.00815816 2.44796
0.00816817 2.45096
0.00817818 2.45396
0.00818819 2.45696
0.0081982 2.45996
0.00820821 2.46296
0.00821822 2.46596
0.00822823 2.46896
0.00823824 2.47196
0.00824825 2.47496
0.00825826 2.47796
0.00826827 2.48096
0.00827828 2.48396
0.00828829 2.48696
0.0082983 2.48996
0.00830831 2.49296
0.00831832 2.49596
0.00832833 2.49896
0.00833834 2.50196
0.00834835 2.50496
0.00835836 2.50796
0.00836837 2.51096
0.00837838 2.51396
0.00838839 2.51696
0.0083984 2.51997
0.00840841 2.52297
0.00841842 2.52597
0.00842843 2.52897
0.00843844 2.53197
0.00844845 2.53497
0.00845846 2.53797
0.00846847 2.54097
0.00847848 2.54397
0.00848849 2.54697
0.0084985 2.54997
0.00850851 2.55297
0.00851852 2.55597
0.00852853 2.55897
0.00853854 2.56197
0.00854855 2.56497
0.00855856 2.56797
0.00856857 2.57097
0.00857858 2.57397
0.00858859 2.57697
0.0085986 2.57997
0.00860861 2.58297
0.00861862 2.58597
0.00862863 2.58897
0.00863864 2.59197
0.00864865 2.59497
0.00865866 2.59797
0.00866867 2.60097
0.00867868 2.60397
0.00868869 2.60697
0.0086987 2.60997
0.00870871 2.61297
0.00871872 2.61597
0.00872873 2.61897
0.00873874 2.62197
0.00874875 2.62497
0.00875876 2.62797
0.00876877 2.63097
0.00877878 2.63397
0.00878879 2.63697
0.0087988 2.63997
0.00880881 2.64297
0.00881882 2.64597
0.00882883 2.64897
0.00883884 2.65197
0.00884885 2.65497
0.00885886 2.65798
0.00886887 2.66098
0.00887888 2.66398
0.00888889 2.66698
0.0088989 2.66998
0.00890891 2.67298
0.00891892 2.67598
0.00892893 2.67898
0.00893894 2.68198
0.00894895 2.68498
0.00895896 2.68798
0.00896897 2.69098
0.00897898 2.69398
0.00898899 2.69698
0.008999 2.69998
0.00900901 2.70298
0.00901902 2.70598
0.00902903 2.70898
0.00903904 2.71198
0.00904905 2.71498
0.00905906 2.71798
0.00906907 2.72098
0.00907908 2.72398
0.00908909 2.72698
0.0090991 2.72998
0.00910911 2.73298
0.00911912 2.73598
0.00912913 2.73898
0.00913914 2.74198
0.00914915 2.74498
0.00915916 2.74798
0.00916917 2.75098
0.00917918 2.75398
0.00918919 2.75698
0.0091992 2.75998
0.00920921 2.76298
0.00921922 2.76598
0.00922923 2.76898
0.00923924 2.77198
0.00924925 2.77498
0.00925926 2.77798
0.00926927 2.78098
0.00927928 2.78398
0.00928929 2.78698
0.0092993 2.78998
0.00930931 2.79298
0.00931932 2.79599
0.00932933 2.79899
0.00933934 2.80199
0.00934935 2.80499
0.00935936 2.80799
0.00936937 2.81099
0.00937938 2.81399
0.00938939 2.81699
0.0093994 2.81999
0.00940941 2.82299
0.00941942 2.82599
0.00942943 2.82899
0.00943944 2.83199
0.00944945 2.83499
0.00945946 2.83799
0.00946947 2.84099
0.00947948 2.84399
0.00948949 2.84699
0.0094995 2.84999
0.00950951 2.85299
0.00951952 2.85599
0.00952953 2.85899
0.00953954 2.86199
0.00954955 2.86499
0.00955956 2.86799
0.00956957 2.87099
0.00957958 2.87399
0.00958959 2.87699
0.0095996 2.87999
0.00960961 2.88299
0.00961962 2.88599
0.00962963 2.88899
0.00963964 2.89199
0.00964965 2.89499
0.00965966 2.89799
0.00966967 2.90099
0.00967968 2.90399
0.00968969 2.90699
0.0096997 2.90999
0.00970971 2.91299
0.00971972 2.91599
0.00972973 2.91899
0.00973974 2.92199
0.00974975 2.92499
0.00975976 2.92799
0.00976977 2.93099
0.00977978 2.934
0.00978979 2.937
0.0097998 2.94
0.00980981 2.943
0.00981982 2.946
0.00982983 2.949
0.00983984 2.952
0.00984985 2.955
0.00985986 2.958
0.00986987 2.961
0.00987988 2.964
0.00988989 2.967
0.0098999 2.97
0.00990991 2.973
0.00991992 2.976
0.00992993 2.979
0.00993994 2.982
0.00994995 2.985
0.00995996 2.988
0.00996997 2.991
0.00997998 2.994
0.00998999 2.997
0.01 3
