0 1
0.00010101 1.02013
0.00020202 1.04025
0.00030303 1.06038
0.00040404 1.08051
0.000505051 1.10063
0.000606061 1.12076
0.000707071 1.14089
0.000808081 1.16101
0.000909091 1.18114
0.0010101 1.20126
0.00111111 1.22139
0.00121212 1.24152
0.00131313 1.26164
0.00141414 1.28177
0.00151515 1.3019
0.00161616 1.32202
0.00171717 1.34215
0.00181818 1.36228
0.00191919 1.3824
0.0020202 1.40253
0.00212121 1.42266
0.00222222 1.44278
0.00232323 1.46291
0.00242424 1.48303
0.00252525 1.50316
0.00262626 1.52329
0.00272727 1.54341
0.00282828 1.56354
0.00292929 1.58367
0.0030303 1.60379
0.00313131 1.62392
0.00323232 1.64405
0.00333333 1.66417
0.00343434 1.6843
0.00353535 1.70443
0.00363636 1.72455
0.00373737 1.74468
0.00383838 1.7648
0.00393939 1.78493
0.0040404 1.80506
0.00414141 1.82518
0.00424242 1.84531
0.00434343 1.86544
0.00444444 1.88556
0.00454545 1.90569
0.00464646 1.92582
0.00474747 1.94594
0.00484848 1.96607
0.00494949 1.9862
0.00505051 2.04647
0.00515152 2.10675
0.00525253 2.16702
0.00535354 2.2273
0.00545455 2.28758
0.00555556 2.34785
0.00565657 2.40813
0.00575758 2.4684
0.00585859 2.52868
0.0059596 2.58896
0.00606061 2.64923
0.00616162 2.70951
0.00626263 2.76978
0.00636364 2.83006
0.00646465 2.89034
0.00656566 2.95061
0.00666667 3.01089
0.00676768 3.07117
0.00686869 3.13144
0.0069697 3.19172
0.00707071 3.25199
0.00717172 3.31227
0.00727273 3.37255
0.00737374 3.43282
0.00747475 3.4931
0.00757576 3.55337
0.00767677 3.61365
0.00777778 3.67393
0.00787879 3.7342
0.0079798 3.79448
0.00808081 3.85475
0.00818182 3.91503
0.00828283 3.97531
0.00838384 4.03558
0.00848485 4.09586
0.00858586 4.15613
0.00868687 4.21641
0.00878788 4.27669
0.00888889 4.33696
0.0089899 4.39724
0.00909091 4.45752
0.00919192 4.51779
0.00929293 4.57807
0.00939394 4.63834
0.00949495 4.69862
0.00959596 4.7589
0.00969697 4.81917
0.00979798 4.87945
0.00989899 4.93972
0.01 5
