0 1
1.001e-05 1.00167
2.002e-05 1.00334
3.003e-05 1.00501
4.004e-05 1.00669
5.00501e-05 1.00836
6.00601e-05 1.01003
7.00701e-05 1.0117
8.00801e-05 1.01337
9.00901e-05 1.01504
0.0001001 1.01671
0.00011011 1.01838
0.00012012 1.02006
0.00013013 1.02173
0.00014014 1.0234
0.00015015 1.02507
0.00016016 1.02674
0.00017017 1.02841
0.00018018 1.03008
0.00019019 1.03175
0.0002002 1.03343
0.00021021 1.0351
0.00022022 1.03677
0.00023023 1.03844
0.00024024 1.04011
0.00025025 1.04178
0.00026026 1.04345
0.00027027 1.04512
0.00028028 1.0468
0.00029029 1.04847
0.0003003 1.05014
0.00031031 1.05181
0.00032032 1.05348
0.00033033 1.05515
0.00034034 1.05682
0.00035035 1.05849
0.00036036 1.06017
0.00037037 1.06184
0.00038038 1.06351
0.00039039 1.06518
0.0004004 1.06685
0.00041041 1.06852
0.00042042 1.07019
0.00043043 1.07186
0.00044044 1.07354
0.00045045 1.07521
0.00046046 1.07688
0.00047047 1.07855
0.00048048 1.08022
0.00049049 1.08189
0.000500501 1.08356
0.000510511 1.08523
0.000520521 1.08691
0.000530531 1.08858
0.000540541 1.09025
0.000550551 1.09192
0.000560561 1.09359
0.000570571 1.09526
0.000580581 1.09693
0.000590591 1.0986
0.000600601 1.10028
0.000610611 1.10195
0.000620621 1.10362
0.000630631 1.10529
0.000640641 1.10696
0.000650651 1.10863
0.000660661 1.1103
0.000670671 1.11197
0.000680681 1.11365
0.000690691 1.11532
0.000700701 1.11699
0.000710711 1.11866
0.000720721 1.12033
0.000730731 1.122
0.000740741 1.12367
0.000750751 1.12534
0.000760761 1.12702
0.000770771 1.12869
0.000780781 1.13036
0.000790791 1.13203
0.000800801 1.1337
0.000810811 1.13537
0.000820821 1.13704
0.000830831 1.13871
0.000840841 1.14039
0.000850851 1.14206
0.000860861 1.14373
0.000870871 1.1454
0.000880881 1.14707
0.000890891 1.14874
0.000900901 1.15041
0.000910911 1.15208
0.000920921 1.15376
0.000930931 1.15543
0.000940941 1.1571
0.000950951 1.15877
0.000960961 1.16044
0.000970971 1.16211
0.000980981 1.16378
0.000990991 1.16545
0.001001 1.16713
0.00101101 1.1688
0.00102102 1.17047
0.00103103 1.17214
0.00104104 1.17381
0.00105105 1.17548
0.00106106 1.17715
0.00107107 1.17882
0.00108108 1.1805
0.00109109 1.18217
0.0011011 1.18384
0.00111111 1.18551
0.00112112 1.18718
0.00113113 1.18885
0.00114114 1.19052
0.00115115 1.19219
0.00116116 1.19387
0.00117117 1.19554
0.00118118 1.19721
0.00119119 1.19888
0.0012012 1.20055
0.00121121 1.20222
0.00122122 1.20389
0.00123123 1.20556
0.00124124 1.20724
0.00125125 1.20891
0.00126126 1.21058
0.00127127 1.21225
0.00128128 1.21392
0.00129129 1.21559
0.0013013 1.21726
0.00131131 1.21893
0.00132132 1.22061
0.00133133 1.22228
0.00134134 1.22395
0.00135135 1.22562
0.00136136 1.22729
0.00137137 1.22896
0.00138138 1.23063
0.00139139 1.2323
0.0014014 1.23398
0.00141141 1.23565
0.00142142 1.23732
0.00143143 1.23899
0.00144144 1.24066
0.00145145 1.24233
0.00146146 1.244
0.00147147 1.24567
0.00148148 1.24735
0.00149149 1.24902
0.0015015 1.25069
0.00151151 1.25236
0.00152152 1.25403
0.00153153 1.2557
0.00154154 1.25737
0.00155155 1.25904
0.00156156 1.26072
0.00157157 1.26239
0.00158158 1.26406
0.00159159 1.26573
0.0016016 1.2674
0.00161161 1.26907
0.00162162 1.27074
0.00163163 1.27241
0.00164164 1.27409
0.00165165 1.27576
0.00166166 1.27743
0.00167167 1.2791
0.00168168 1.28077
0.00169169 1.28244
0.0017017 1.28411
0.00171171 1.28578
0.00172172 1.28746
0.00173173 1.28913
0.00174174 1.2908
0.00175175 1.29247
0.00176176 1.29414
0.00177177 1.29581
0.00178178 1.29748
0.00179179 1.29915
0.0018018 1.30083
0.00181181 1.3025
0.00182182 1.30417
0.00183183 1.30584
0.00184184 1.30751
0.00185185 1.30918
0.00186186 1.31085
0.00187187 1.31252
0.00188188 1.3142
0.00189189 1.31587
0.0019019 1.31754
0.00191191 1.31921
0.00192192 1.32088
0.00193193 1.32255
0.00194194 1.32422
0.00195195 1.32589
0.00196196 1.32757
0.00197197 1.32924
0.00198198 1.33091
0.00199199 1.33258
0.002002 1.33425
0.00201201 1.33592
0.00202202 1.33759
0.00203203 1.33926
0.00204204 1.34094
0.00205205 1.34261
0.00206206 1.34428
0.00207207 1.34595
0.00208208 1.34762
0.00209209 1.34929
0.0021021 1.35096
0.00211211 1.35263
0.00212212 1.35431
0.00213213 1.35598
0.00214214 1.35765
0.00215215 1.35932
0.00216216 1.36099
0.00217217 1.36266
0.00218218 1.36433
0.00219219 1.366
0.0022022 1.36768
0.00221221 1.36935
0.00222222 1.37102
0.00223223 1.37269
0.00224224 1.37436
0.00225225 1.37603
0.00226226 1.3777
0.00227227 1.37937
0.00228228 1.38105
0.00229229 1.38272
0.0023023 1.38439
0.00231231 1.38606
0.00232232 1.38773
0.00233233 1.3894
0.00234234 1.39107
0.00235235 1.39274
0.00236236 1.39442
0.00237237 1.39609
0.00238238 1.39776
0.00239239 1.39943
0.0024024 1.4011
0.00241241 1.40277
0.00242242 1.40444
0.00243243 1.40611
0.00244244 1.40779
0.00245245 1.40946
0.00246246 1.41113
0.00247247 1.4128
0.00248248 1.41447
0.00249249 1.41614
0.0025025 1.41781
0.00251251 1.41948
0.00252252 1.42116
0.00253253 1.42283
0.00254254 1.4245
0.00255255 1.42617
0.00256256 1.42784
0.00257257 1.42951
0.00258258 1.43118
0.00259259 1.43285
0.0026026 1.43453
0.00261261 1.4362
0.00262262 1.43787
0.00263263 1.43954
0.00264264 1.44121
0.00265265 1.44288
0.00266266 1.44455
0.00267267 1.44622
0.00268268 1.4479
0.00269269 1.44957
0.0027027 1.45124
0.00271271 1.45291
0.00272272 1.45458
0.00273273 1.45625
0.00274274 1.45792
0.00275275 1.45959
0.00276276 1.46127
0.00277277 1.46294
0.00278278 1.46461
0.00279279 1.46628
0.0028028 1.46795
0.00281281 1.46962
0.00282282 1.47129
0.00283283 1.47296
0.00284284 1.47464
0.00285285 1.47631
0.00286286 1.47798
0.00287287 1.47965
0.00288288 1.48132
0.00289289 1.48299
0.0029029 1.48466
0.00291291 1.48633
0.00292292 1.48801
0.00293293 1.48968
0.00294294 1.49135
0.00295295 1.49302
0.00296296 1.49469
0.00297297 1.49636
0.00298298 1.49803
0.00299299 1.4997
0.003003 1.50138
0.00301301 1.50638
0.00302302 1.51139
0.00303303 1.51639
0.00304304 1.5214
0.00305305 1.5264
0.00306306 1.53141
0.00307307 1.53641
0.00308308 1.54142
0.00309309 1.54642
0.0031031 1.55143
0.00311311 1.55643
0.00312312 1.56144
0.00313313 1.56644
0.00314314 1.57145
0.00315315 1.57645
0.00316316 1.58146
0.00317317 1.58646
0.00318318 1.59147
0.00319319 1.59647
0.0032032 1.60148
0.00321321 1.60648
0.00322322 1.61149
0.00323323 1.61649
0.00324324 1.6215
0.00325325 1.62651
0.00326326 1.63151
0.00327327 1.63652
0.00328328 1.64152
0.00329329 1.64653
0.0033033 1.65153
0.00331331 1.65654
0.00332332 1.66154
0.00333333 1.66655
0.00334334 1.67155
0.00335335 1.67656
0.00336336 1.68156
0.00337337 1.68657
0.00338338 1.69157
0.00339339 1.69658
0.0034034 1.70158
0.00341341 1.70659
0.00342342 1.71159
0.00343343 1.7166
0.00344344 1.7216
0.00345345 1.72661
0.00346346 1.73161
0.00347347 1.73662
0.00348348 1.74162
0.00349349 1.74663
0.0035035 1.75163
0.00351351 1.75664
0.00352352 1.76165
0.00353353 1.76665
0.00354354 1.77166
0.00355355 1.77666
0.00356356 1.78167
0.00357357 1.78667
0.00358358 1.79168
0.00359359 1.79668
0.0036036 1.80169
0.00361361 1.80669
0.00362362 1.8117
0.00363363 1.8167
0.00364364 1.82171
0.00365365 1.82671
0.00366366 1.83172
0.00367367 1.83672
0.00368368 1.84173
0.00369369 1.84673
0.0037037 1.85174
0.00371371 1.85674
0.00372372 1.86175
0.00373373 1.86675
0.00374374 1.87176
0.00375375 1.87676
0.00376376 1.88177
0.00377377 1.88677
0.00378378 1.89178
0.00379379 1.89679
0.0038038 1.90179
0.00381381 1.9068
0.00382382 1.9118
0.00383383 1.91681
0.00384384 1.92181
0.00385385 1.92682
0.00386386 1.93182
0.00387387 1.93683
0.00388388 1.94183
0.00389389 1.94684
0.0039039 1.95184
0.00391391 1.95685
0.00392392 1.96185
0.00393393 1.96686
0.00394394 1.97186
0.00395395 1.97687
0.00396396 1.98187
0.00397397 1.98688
0.00398398 1.99188
0.00399399 1.99689
0.004004 2.00189
0.00401401 2.0069
0.00402402 2.0119
0.00403403 2.01691
0.00404404 2.02191
0.00405405 2.02692
0.00406406 2.03193
0.00407407 2.03693
0.00408408 2.04194
0.00409409 2.04694
0.0041041 2.05195
0.00411411 2.05695
0.00412412 2.06196
0.00413413 2.06696
0.00414414 2.07197
0.00415415 2.07697
0.00416416 2.08198
0.00417417 2.08698
0.00418418 2.09199
0.00419419 2.09699
0.0042042 2.102
0.00421421 2.107
0.00422422 2.11201
0.00423423 2.11701
0.00424424 2.12202
0.00425425 2.12702
0.00426426 2.13203
0.00427427 2.13703
0.00428428 2.14204
0.00429429 2.14704
0.0043043 2.15205
0.00431431 2.15705
0.00432432 2.16206
0.00433433 2.16707
0.00434434 2.17207
0.00435435 2.17708
0.00436436 2.18208
0.00437437 2.18709
0.00438438 2.19209
0.00439439 2.1971
0.0044044 2.2021
0.00441441 2.20711
0.00442442 2.21211
0.00443443 2.21712
0.00444444 2.22212
0.00445445 2.22713
0.00446446 2.23213
0.00447447 2.23714
0.00448448 2.24214
0.00449449 2.24715
0.0045045 2.25215
0.00451451 2.25716
0.00452452 2.26216
0.00453453 2.26717
0.00454454 2.27217
0.00455455 2.27718
0.00456456 2.28218
0.00457457 2.28719
0.00458458 2.29219
0.00459459 2.2972
0.0046046 2.30221
0.00461461 2.30721
0.00462462 2.31222
0.00463463 2.31722
0.00464464 2.32223
0.00465465 2.32723
0.00466466 2.33224
0.00467467 2.33724
0.00468468 2.34225
0.00469469 2.34725
0.0047047 2.35226
0.00471471 2.35726
0.00472472 2.36227
0.00473473 2.36727
0.00474474 2.37228
0.00475475 2.37728
0.00476476 2.38229
0.00477477 2.38729
0.00478478 2.3923
0.00479479 2.3973
0.0048048 2.40231
0.00481481 2.40731
0.00482482 2.41232
0.00483483 2.41732
0.00484484 2.42233
0.00485485 2.42733
0.00486486 2.43234
0.00487487 2.43735
0.00488488 2.44235
0.00489489 2.44736
0.0049049 2.45236
0.00491491 2.45737
0.00492492 2.46237
0.00493493 2.46738
0.00494494 2.47238
0.00495495 2.47739
0.00496496 2.48239
0.00497497 2.4874
0.00498498 2.4924
0.00499499 2.49741
0.00500501 2.50241
0.00501502 2.50742
0.00502503 2.51242
0.00503504 2.51743
0.00504505 2.52243
0.00505506 2.52744
0.00506507 2.53244
0.00507508 2.53745
0.00508509 2.54245
0.0050951 2.54746
0.00510511 2.55246
0.00511512 2.55747
0.00512513 2.56247
0.00513514 2.56748
0.00514515 2.57249
0.00515516 2.57749
0.00516517 2.5825
0.00517518 2.5875
0.00518519 2.59251
0.0051952 2.59751
0.00520521 2.60252
0.00521522 2.60752
0.00522523 2.61253
0.00523524 2.61753
0.00524525 2.62254
0.00525526 2.62754
0.00526527 2.63255
0.00527528 2.63755
0.00528529 2.64256
0.0052953 2.64756
0.00530531 2.65257
0.00531532 2.65757
0.00532533 2.66258
0.00533534 2.66758
0.00534535 2.67259
0.00535536 2.67759
0.00536537 2.6826
0.00537538 2.6876
0.00538539 2.69261
0.0053954 2.69761
0.00540541 2.70262
0.00541542 2.70763
0.00542543 2.71263
0.00543544 2.71764
0.00544545 2.72264
0.00545546 2.72765
0.00546547 2.73265
0.00547548 2.73766
0.00548549 2.74266
0.0054955 2.74767
0.00550551 2.75267
0.00551552 2.75768
0.00552553 2.76268
0.00553554 2.76769
0.00554555 2.77269
0.00555556 2.7777
0.00556557 2.7827
0.00557558 2.78771
0.00558559 2.79271
0.0055956 2.79772
0.00560561 2.80272
0.00561562 2.80773
0.00562563 2.81273
0.00563564 2.81774
0.00564565 2.82274
0.00565566 2.82775
0.00566567 2.83275
0.00567568 2.83776
0.00568569 2.84277
0.0056957 2.84777
0.00570571 2.85278
0.00571572 2.85778
0.00572573 2.86279
0.00573574 2.86779
0.00574575 2.8728
0.00575576 2.8778
0.00576577 2.88281
0.00577578 2.88781
0.00578579 2.89282
0.0057958 2.89782
0.00580581 2.90283
0.00581582 2.90783
0.00582583 2.91284
0.00583584 2.91784
0.00584585 2.92285
0.00585586 2.92785
0.00586587 2.93286
0.00587588 2.93786
0.00588589 2.94287
0.0058959 2.94787
0.00590591 2.95288
0.00591592 2.95788
0.00592593 2.96289
0.00593594 2.96789
0.00594595 2.9729
0.00595596 2.97791
0.00596597 2.98291
0.00597598 2.98792
0.00598599 2.99292
0.005996 2.99793
0.00600601 3.00293
0.00601602 3.00794
0.00602603 3.01294
0.00603604 3.01795
0.00604605 3.02295
0.00605606 3.02796
0.00606607 3.03296
0.00607608 3.03797
0.00608609 3.04297
0.0060961 3.04798
0.00610611 3.05298
0.00611612 3.05799
0.00612613 3.06299
0.00613614 3.068
0.00614615 3.073
0.00615616 3.07801
0.00616617 3.08301
0.00617618 3.08802
0.00618619 3.09302
0.0061962 3.09803
0.00620621 3.10303
0.00621622 3.10804
0.00622623 3.11305
0.00623624 3.11805
0.00624625 3.12306
0.00625626 3.12806
0.00626627 3.13307
0.00627628 3.13807
0.00628629 3.14308
0.0062963 3.14808
0.00630631 3.15309
0.00631632 3.15809
0.00632633 3.1631
0.00633634 3.1681
0.00634635 3.17311
0.00635636 3.17811
0.00636637 3.18312
0.00637638 3.18812
0.00638639 3.19313
0.0063964 3.19813
0.00640641 3.20314
0.00641642 3.20814
0.00642643 3.21315
0.00643644 3.21815
0.00644645 3.22316
0.00645646 3.22816
0.00646647 3.23317
0.00647648 3.23817
0.00648649 3.24318
0.0064965 3.24819
0.00650651 3.25319
0.00651652 3.2582
0.00652653 3.2632
0.00653654 3.26821
0.00654655 3.27321
0.00655656 3.27822
0.00656657 3.28322
0.00657658 3.28823
0.00658659 3.29323
0.0065966 3.29824
0.00660661 3.30324
0.00661662 3.30825
0.00662663 3.31325
0.00663664 3.31826
0.00664665 3.32326
0.00665666 3.32827
0.00666667 3.33327
0.00667668 3.33828
0.00668669 3.34328
0.0066967 3.34829
0.00670671 3.35329
0.00671672 3.3583
0.00672673 3.3633
0.00673674 3.36831
0.00674675 3.37331
0.00675676 3.37832
0.00676677 3.38333
0.00677678 3.38833
0.00678679 3.39334
0.0067968 3.39834
0.00680681 3.40335
0.00681682 3.40835
0.00682683 3.41336
0.00683684 3.41836
0.00684685 3.42337
0.00685686 3.42837
0.00686687 3.43338
0.00687688 3.43838
0.00688689 3.44339
0.0068969 3.44839
0.00690691 3.4534
0.00691692 3.4584
0.00692693 3.46341
0.00693694 3.46841
0.00694695 3.47342
0.00695696 3.47842
0.00696697 3.48343
0.00697698 3.48843
0.00698699 3.49344
0.006997 3.49844
0.00700701 3.50345
0.00701702 3.50845
0.00702703 3.51346
0.00703704 3.51847
0.00704705 3.52347
0.00705706 3.52848
0.00706707 3.53348
0.00707708 3.53849
0.00708709 3.54349
0.0070971 3.5485
0.00710711 3.5535
0.00711712 3.55851
0.00712713 3.56351
0.00713714 3.56852
0.00714715 3.57352
0.00715716 3.57853
0.00716717 3.58353
0.00717718 3.58854
0.00718719 3.59354
0.0071972 3.59855
0.00720721 3.60355
0.00721722 3.60856
0.00722723 3.61356
0.00723724 3.61857
0.00724725 3.62357
0.00725726 3.62858
0.00726727 3.63358
0.00727728 3.63859
0.00728729 3.64359
0.0072973 3.6486
0.00730731 3.65361
0.00731732 3.65861
0.00732733 3.66362
0.00733734 3.66862
0.00734735 3.67363
0.00735736 3.67863
0.00736737 3.68364
0.00737738 3.68864
0.00738739 3.69365
0.0073974 3.69865
0.00740741 3.70366
0.00741742 3.70866
0.00742743 3.71367
0.00743744 3.71867
0.00744745 3.72368
0.00745746 3.72868
0.00746747 3.73369
0.00747748 3.73869
0.00748749 3.7437
0.0074975 3.7487
0.00750751 3.75371
0.00751752 3.75871
0.00752753 3.76372
0.00753754 3.76872
0.00754755 3.77373
0.00755756 3.77873
0.00756757 3.78374
0.00757758 3.78875
0.00758759 3.79375
0.0075976 3.79876
0.00760761 3.80376
0.00761762 3.80877
0.00762763 3.81377
0.00763764 3.81878
0.00764765 3.82378
0.00765766 3.82879
0.00766767 3.83379
0.00767768 3.8388
0.00768769 3.8438
0.0076977 3.84881
0.00770771 3.85381
0.00771772 3.85882
0.00772773 3.86382
0.00773774 3.86883
0.00774775 3.87383
0.00775776 3.87884
0.00776777 3.88384
0.00777778 3.88885
0.00778779 3.89385
0.0077978 3.89886
0.00780781 3.90386
0.00781782 3.90887
0.00782783 3.91387
0.00783784 3.91888
0.00784785 3.92389
0.00785786 3.92889
0.00786787 3.9339
0.00787788 3.9389
0.00788789 3.94391
0.0078979 3.94891
0.00790791 3.95392
0.00791792 3.95892
0.00792793 3.96393
0.00793794 3.96893
0.00794795 3.97394
0.00795796 3.97894
0.00796797 3.98395
0.00797798 3.98895
0.00798799 3.99396
0.007998 3.99896
0.00800801 4.00397
0.00801802 4.00897
0.00802803 4.01398
0.00803804 4.01898
0.00804805 4.02399
0.00805806 4.02899
0.00806807 4.034
0.00807808 4.039
0.00808809 4.04401
0.0080981 4.04901
0.00810811 4.05402
0.00811812 4.05903
0.00812813 4.06403
0.00813814 4.06904
0.00814815 4.07404
0.00815816 4.07905
0.00816817 4.08405
0.00817818 4.08906
0.00818819 4.09406
0.0081982 4.09907
0.00820821 4.10407
0.00821822 4.10908
0.00822823 4.11408
0.00823824 4.11909
0.00824825 4.12409
0.00825826 4.1291
0.00826827 4.1341
0.00827828 4.13911
0.00828829 4.14411
0.0082983 4.14912
0.00830831 4.15412
0.00831832 4.15913
0.00832833 4.16413
0.00833834 4.16914
0.00834835 4.17414
0.00835836 4.17915
0.00836837 4.18415
0.00837838 4.18916
0.00838839 4.19417
0.0083984 4.19917
0.00840841 4.20418
0.00841842 4.20918
0.00842843 4.21419
0.00843844 4.21919
0.00844845 4.2242
0.00845846 4.2292
0.00846847 4.23421
0.00847848 4.23921
0.00848849 4.24422
0.0084985 4.24922
0.00850851 4.25423
0.00851852 4.25923
0.00852853 4.26424
0.00853854 4.26924
0.00854855 4.27425
0.00855856 4.27925
0.00856857 4.28426
0.00857858 4.28926
0.00858859 4.29427
0.0085986 4.29927
0.00860861 4.30428
0.00861862 4.30928
0.00862863 4.31429
0.00863864 4.31929
0.00864865 4.3243
0.00865866 4.32931
0.00866867 4.33431
0.00867868 4.33932
0.00868869 4.34432
0.0086987 4.34933
0.00870871 4.35433
0.00871872 4.35934
0.00872873 4.36434
0.00873874 4.36935
0.00874875 4.37435
0.00875876 4.37936
0.00876877 4.38436
0.00877878 4.38937
0.00878879 4.39437
0.0087988 4.39938
0.00880881 4.40438
0.00881882 4.40939
0.00882883 4.41439
0.00883884 4.4194
0.00884885 4.4244
0.00885886 4.42941
0.00886887 4.43441
0.00887888 4.43942
0.00888889 4.44442
0.0088989 4.44943
0.00890891 4.45443
0.00891892 4.45944
0.00892893 4.46445
0.00893894 4.46945
0.00894895 4.47446
0.00895896 4.47946
0.00896897 4.48447
0.00897898 4.48947
0.00898899 4.49448
0.008999 4.49948
0.00900901 4.50449
0.00901902 4.50949
0.00902903 4.5145
0.00903904 4.5195
0.00904905 4.52451
0.00905906 4.52951
0.00906907 4.53452
0.00907908 4.53952
0.00908909 4.54453
0.0090991 4.54953
0.00910911 4.55454
0.00911912 4.55954
0.00912913 4.56455
0.00913914 4.56955
0.00914915 4.57456
0.00915916 4.57956
0.00916917 4.58457
0.00917918 4.58957
0.00918919 4.59458
0.0091992 4.59959
0.00920921 4.60459
0.00921922 4.6096
0.00922923 4.6146
0.00923924 4.61961
0.00924925 4.62461
0.00925926 4.62962
0.00926927 4.63462
0.00927928 4.63963
0.00928929 4.64463
0.0092993 4.64964
0.00930931 4.65464
0.00931932 4.65965
0.00932933 4.66465
0.00933934 4.66966
0.00934935 4.67466
0.00935936 4.67967
0.00936937 4.68467
0.00937938 4.68968
0.00938939 4.69468
0.0093994 4.69969
0.00940941 4.70469
0.00941942 4.7097
0.00942943 4.7147
0.00943944 4.71971
0.00944945 4.72471
0.00945946 4.72972
0.00946947 4.73473
0.00947948 4.73973
0.00948949 4.74474
0.0094995 4.74974
0.00950951 4.75475
0.00951952 4.75975
0.00952953 4.76476
0.00953954 4.76976
0.00954955 4.77477
0.00955956 4.77977
0.00956957 4.78478
0.00957958 4.78978
0.00958959 4.79479
0.0095996 4.79979
0.00960961 4.8048
0.00961962 4.8098
0.00962963 4.81481
0.00963964 4.81981
0.00964965 4.82482
0.00965966 4.82982
0.00966967 4.83483
0.00967968 4.83983
0.00968969 4.84484
0.0096997 4.84984
0.00970971 4.85485
0.00971972 4.85985
0.00972973 4.86486
0.00973974 4.86987
0.00974975 4.87487
0.00975976 4.87988
0.00976977 4.88488
0.00977978 4.88989
0.00978979 4.89489
0.0097998 4.8999
0.00980981 4.9049
0.00981982 4.90991
0.00982983 4.91491
0.00983984 4.91992
0.00984985 4.92492
0.00985986 4.92993
0.00986987 4.93493
0.00987988 4.93994
0.00988989 4.94494
0.0098999 4.94995
0.00990991 4.95495
0.00991992 4.95996
0.00992993 4.96496
0.00993994 4.96997
0.00994995 4.97497
0.00995996 4.97998
0.00996997 4.98498
0.00997998 4.98999
0.00998999 4.99499
0.01 5
