0 1
1.001e-05 1.00084
2.002e-05 1.00167
3.003e-05 1.00251
4.004e-05 1.00334
5.00501e-05 1.00418
6.00601e-05 1.00501
7.00701e-05 1.00585
8.00801e-05 1.00669
9.00901e-05 1.00752
0.0001001 1.00836
0.00011011 1.00919
0.00012012 1.01003
0.00013013 1.01086
0.00014014 1.0117
0.00015015 1.01253
0.00016016 1.01337
0.00017017 1.01421
0.00018018 1.01504
0.00019019 1.01588
0.0002002 1.01671
0.00021021 1.01755
0.00022022 1.01838
0.00023023 1.01922
0.00024024 1.02006
0.00025025 1.02089
0.00026026 1.02173
0.00027027 1.02256
0.00028028 1.0234
0.00029029 1.02423
0.0003003 1.02507
0.00031031 1.0259
0.00032032 1.02674
0.00033033 1.02758
0.00034034 1.02841
0.00035035 1.02925
0.00036036 1.03008
0.00037037 1.03092
0.00038038 1.03175
0.00039039 1.03259
0.0004004 1.03343
0.00041041 1.03426
0.00042042 1.0351
0.00043043 1.03593
0.00044044 1.03677
0.00045045 1.0376
0.00046046 1.03844
0.00047047 1.03927
0.00048048 1.04011
0.00049049 1.04095
0.000500501 1.04178
0.000510511 1.04262
0.000520521 1.04345
0.000530531 1.04429
0.000540541 1.04512
0.000550551 1.04596
0.000560561 1.0468
0.000570571 1.04763
0.000580581 1.04847
0.000590591 1.0493
0.000600601 1.05014
0.000610611 1.05097
0.000620621 1.05181
0.000630631 1.05264
0.000640641 1.05348
0.000650651 1.05432
0.000660661 1.05515
0.000670671 1.05599
0.000680681 1.05682
0.000690691 1.05766
0.000700701 1.05849
0.000710711 1.05933
0.000720721 1.06017
0.000730731 1.061
0.000740741 1.06184
0.000750751 1.06267
0.000760761 1.06351
0.000770771 1.06434
0.000780781 1.06518
0.000790791 1.06601
0.000800801 1.06685
0.000810811 1.06769
0.000820821 1.06852
0.000830831 1.06936
0.000840841 1.07019
0.000850851 1.07103
0.000860861 1.07186
0.000870871 1.0727
0.000880881 1.07354
0.000890891 1.07437
0.000900901 1.07521
0.000910911 1.07604
0.000920921 1.07688
0.000930931 1.07771
0.000940941 1.07855
0.000950951 1.07938
0.000960961 1.08022
0.000970971 1.08106
0.000980981 1.08189
0.000990991 1.08273
0.001001 1.08356
0.00101101 1.0844
0.00102102 1.08523
0.00103103 1.08607
0.00104104 1.08691
0.00105105 1.08774
0.00106106 1.08858
0.00107107 1.08941
0.00108108 1.09025
0.00109109 1.09108
0.0011011 1.09192
0.00111111 1.09275
0.00112112 1.09359
0.00113113 1.09443
0.00114114 1.09526
0.00115115 1.0961
0.00116116 1.09693
0.00117117 1.09777
0.00118118 1.0986
0.00119119 1.09944
0.0012012 1.10028
0.00121121 1.10111
0.00122122 1.10195
0.00123123 1.10278
0.00124124 1.10362
0.00125125 1.10445
0.00126126 1.10529
0.00127127 1.10612
0.00128128 1.10696
0.00129129 1.1078
0.0013013 1.10863
0.00131131 1.10947
0.00132132 1.1103
0.00133133 1.11114
0.00134134 1.11197
0.00135135 1.11281
0.00136136 1.11365
0.00137137 1.11448
0.00138138 1.11532
0.00139139 1.11615
0.0014014 1.11699
0.00141141 1.11782
0.00142142 1.11866
0.00143143 1.11949
0.00144144 1.12033
0.00145145 1.12117
0.00146146 1.122
0.00147147 1.12284
0.00148148 1.12367
0.00149149 1.12451
0.0015015 1.12534
0.00151151 1.12618
0.00152152 1.12702
0.00153153 1.12785
0.00154154 1.12869
0.00155155 1.12952
0.00156156 1.13036
0.00157157 1.13119
0.00158158 1.13203
0.00159159 1.13286
0.0016016 1.1337
0.00161161 1.13454
0.00162162 1.13537
0.00163163 1.13621
0.00164164 1.13704
0.00165165 1.13788
0.00166166 1.13871
0.00167167 1.13955
0.00168168 1.14039
0.00169169 1.14122
0.0017017 1.14206
0.00171171 1.14289
0.00172172 1.14373
0.00173173 1.14456
0.00174174 1.1454
0.00175175 1.14623
0.00176176 1.14707
0.00177177 1.14791
0.00178178 1.14874
0.00179179 1.14958
0.0018018 1.15041
0.00181181 1.15125
0.00182182 1.15208
0.00183183 1.15292
0.00184184 1.15376
0.00185185 1.15459
0.00186186 1.15543
0.00187187 1.15626
0.00188188 1.1571
0.00189189 1.15793
0.0019019 1.15877
0.00191191 1.1596
0.00192192 1.16044
0.00193193 1.16128
0.00194194 1.16211
0.00195195 1.16295
0.00196196 1.16378
0.00197197 1.16462
0.00198198 1.16545
0.00199199 1.16629
0.002002 1.16713
0.00201201 1.16796
0.00202202 1.1688
0.00203203 1.16963
0.00204204 1.17047
0.00205205 1.1713
0.00206206 1.17214
0.00207207 1.17297
0.00208208 1.17381
0.00209209 1.17465
0.0021021 1.17548
0.00211211 1.17632
0.00212212 1.17715
0.00213213 1.17799
0.00214214 1.17882
0.00215215 1.17966
0.00216216 1.1805
0.00217217 1.18133
0.00218218 1.18217
0.00219219 1.183
0.0022022 1.18384
0.00221221 1.18467
0.00222222 1.18551
0.00223223 1.18634
0.00224224 1.18718
0.00225225 1.18802
0.00226226 1.18885
0.00227227 1.18969
0.00228228 1.19052
0.00229229 1.19136
0.0023023 1.19219
0.00231231 1.19303
0.00232232 1.19387
0.00233233 1.1947
0.00234234 1.19554
0.00235235 1.19637
0.00236236 1.19721
0.00237237 1.19804
0.00238238 1.19888
0.00239239 1.19971
0.0024024 1.20055
0.00241241 1.20139
0.00242242 1.20222
0.00243243 1.20306
0.00244244 1.20389
0.00245245 1.20473
0.00246246 1.20556
0.00247247 1.2064
0.00248248 1.20724
0.00249249 1.20807
0.0025025 1.20891
0.00251251 1.20974
0.00252252 1.21058
0.00253253 1.21141
0.00254254 1.21225
0.00255255 1.21308
0.00256256 1.21392
0.00257257 1.21476
0.00258258 1.21559
0.00259259 1.21643
0.0026026 1.21726
0.00261261 1.2181
0.00262262 1.21893
0.00263263 1.21977
0.00264264 1.22061
0.00265265 1.22144
0.00266266 1.22228
0.00267267 1.22311
0.00268268 1.22395
0.00269269 1.22478
0.0027027 1.22562
0.00271271 1.22645
0.00272272 1.22729
0.00273273 1.22813
0.00274274 1.22896
0.00275275 1.2298
0.00276276 1.23063
0.00277277 1.23147
0.00278278 1.2323
0.00279279 1.23314
0.0028028 1.23398
0.00281281 1.23481
0.00282282 1.23565
0.00283283 1.23648
0.00284284 1.23732
0.00285285 1.23815
0.00286286 1.23899
0.00287287 1.23982
0.00288288 1.24066
0.00289289 1.2415
0.0029029 1.24233
0.00291291 1.24317
0.00292292 1.244
0.00293293 1.24484
0.00294294 1.24567
0.00295295 1.24651
0.00296296 1.24735
0.00297297 1.24818
0.00298298 1.24902
0.00299299 1.24985
0.003003 1.25069
0.00301301 1.25319
0.00302302 1.25569
0.00303303 1.2582
0.00304304 1.2607
0.00305305 1.2632
0.00306306 1.2657
0.00307307 1.26821
0.00308308 1.27071
0.00309309 1.27321
0.0031031 1.27571
0.00311311 1.27822
0.00312312 1.28072
0.00313313 1.28322
0.00314314 1.28572
0.00315315 1.28823
0.00316316 1.29073
0.00317317 1.29323
0.00318318 1.29573
0.00319319 1.29824
0.0032032 1.30074
0.00321321 1.30324
0.00322322 1.30574
0.00323323 1.30825
0.00324324 1.31075
0.00325325 1.31325
0.00326326 1.31576
0.00327327 1.31826
0.00328328 1.32076
0.00329329 1.32326
0.0033033 1.32577
0.00331331 1.32827
0.00332332 1.33077
0.00333333 1.33327
0.00334334 1.33578
0.00335335 1.33828
0.00336336 1.34078
0.00337337 1.34328
0.00338338 1.34579
0.00339339 1.34829
0.0034034 1.35079
0.00341341 1.35329
0.00342342 1.3558
0.00343343 1.3583
0.00344344 1.3608
0.00345345 1.3633
0.00346346 1.36581
0.00347347 1.36831
0.00348348 1.37081
0.00349349 1.37331
0.0035035 1.37582
0.00351351 1.37832
0.00352352 1.38082
0.00353353 1.38333
0.00354354 1.38583
0.00355355 1.38833
0.00356356 1.39083
0.00357357 1.39334
0.00358358 1.39584
0.00359359 1.39834
0.0036036 1.40084
0.00361361 1.40335
0.00362362 1.40585
0.00363363 1.40835
0.00364364 1.41085
0.00365365 1.41336
0.00366366 1.41586
0.00367367 1.41836
0.00368368 1.42086
0.00369369 1.42337
0.0037037 1.42587
0.00371371 1.42837
0.00372372 1.43087
0.00373373 1.43338
0.00374374 1.43588
0.00375375 1.43838
0.00376376 1.44088
0.00377377 1.44339
0.00378378 1.44589
0.00379379 1.44839
0.0038038 1.4509
0.00381381 1.4534
0.00382382 1.4559
0.00383383 1.4584
0.00384384 1.46091
0.00385385 1.46341
0.00386386 1.46591
0.00387387 1.46841
0.00388388 1.47092
0.00389389 1.47342
0.0039039 1.47592
0.00391391 1.47842
0.00392392 1.48093
0.00393393 1.48343
0.00394394 1.48593
0.00395395 1.48843
0.00396396 1.49094
0.00397397 1.49344
0.00398398 1.49594
0.00399399 1.49844
0.004004 1.50095
0.00401401 1.50345
0.00402402 1.50595
0.00403403 1.50845
0.00404404 1.51096
0.00405405 1.51346
0.00406406 1.51596
0.00407407 1.51847
0.00408408 1.52097
0.00409409 1.52347
0.0041041 1.52597
0.00411411 1.52848
0.00412412 1.53098
0.00413413 1.53348
0.00414414 1.53598
0.00415415 1.53849
0.00416416 1.54099
0.00417417 1.54349
0.00418418 1.54599
0.00419419 1.5485
0.0042042 1.551
0.00421421 1.5535
0.00422422 1.556
0.00423423 1.55851
0.00424424 1.56101
0.00425425 1.56351
0.00426426 1.56601
0.00427427 1.56852
0.00428428 1.57102
0.00429429 1.57352
0.0043043 1.57602
0.00431431 1.57853
0.00432432 1.58103
0.00433433 1.58353
0.00434434 1.58604
0.00435435 1.58854
0.00436436 1.59104
0.00437437 1.59354
0.00438438 1.59605
0.00439439 1.59855
0.0044044 1.60105
0.00441441 1.60355
0.00442442 1.60606
0.00443443 1.60856
0.00444444 1.61106
0.00445445 1.61356
0.00446446 1.61607
0.00447447 1.61857
0.00448448 1.62107
0.00449449 1.62357
0.0045045 1.62608
0.00451451 1.62858
0.00452452 1.63108
0.00453453 1.63358
0.00454454 1.63609
0.00455455 1.63859
0.00456456 1.64109
0.00457457 1.64359
0.00458458 1.6461
0.00459459 1.6486
0.0046046 1.6511
0.00461461 1.65361
0.00462462 1.65611
0.00463463 1.65861
0.00464464 1.66111
0.00465465 1.66362
0.00466466 1.66612
0.00467467 1.66862
0.00468468 1.67112
0.00469469 1.67363
0.0047047 1.67613
0.00471471 1.67863
0.00472472 1.68113
0.00473473 1.68364
0.00474474 1.68614
0.00475475 1.68864
0.00476476 1.69114
0.00477477 1.69365
0.00478478 1.69615
0.00479479 1.69865
0.0048048 1.70115
0.00481481 1.70366
0.00482482 1.70616
0.00483483 1.70866
0.00484484 1.71116
0.00485485 1.71367
0.00486486 1.71617
0.00487487 1.71867
0.00488488 1.72118
0.00489489 1.72368
0.0049049 1.72618
0.00491491 1.72868
0.00492492 1.73119
0.00493493 1.73369
0.00494494 1.73619
0.00495495 1.73869
0.00496496 1.7412
0.00497497 1.7437
0.00498498 1.7462
0.00499499 1.7487
0.00500501 1.75121
0.00501502 1.75371
0.00502503 1.75621
0.00503504 1.75871
0.00504505 1.76122
0.00505506 1.76372
0.00506507 1.76622
0.00507508 1.76872
0.00508509 1.77123
0.0050951 1.77373
0.00510511 1.77623
0.00511512 1.77873
0.00512513 1.78124
0.00513514 1.78374
0.00514515 1.78624
0.00515516 1.78875
0.00516517 1.79125
0.00517518 1.79375
0.00518519 1.79625
0.0051952 1.79876
0.00520521 1.80126
0.00521522 1.80376
0.00522523 1.80626
0.00523524 1.80877
0.00524525 1.81127
0.00525526 1.81377
0.00526527 1.81627
0.00527528 1.81878
0.00528529 1.82128
0.0052953 1.82378
0.00530531 1.82628
0.00531532 1.82879
0.00532533 1.83129
0.00533534 1.83379
0.00534535 1.83629
0.00535536 1.8388
0.00536537 1.8413
0.00537538 1.8438
0.00538539 1.8463
0.0053954 1.84881
0.00540541 1.85131
0.00541542 1.85381
0.00542543 1.85632
0.00543544 1.85882
0.00544545 1.86132
0.00545546 1.86382
0.00546547 1.86633
0.00547548 1.86883
0.00548549 1.87133
0.0054955 1.87383
0.00550551 1.87634
0.00551552 1.87884
0.00552553 1.88134
0.00553554 1.88384
0.00554555 1.88635
0.00555556 1.88885
0.00556557 1.89135
0.00557558 1.89385
0.00558559 1.89636
0.0055956 1.89886
0.00560561 1.90136
0.00561562 1.90386
0.00562563 1.90637
0.00563564 1.90887
0.00564565 1.91137
0.00565566 1.91387
0.00566567 1.91638
0.00567568 1.91888
0.00568569 1.92138
0.0056957 1.92389
0.00570571 1.92639
0.00571572 1.92889
0.00572573 1.93139
0.00573574 1.9339
0.00574575 1.9364
0.00575576 1.9389
0.00576577 1.9414
0.00577578 1.94391
0.00578579 1.94641
0.0057958 1.94891
0.00580581 1.95141
0.00581582 1.95392
0.00582583 1.95642
0.00583584 1.95892
0.00584585 1.96142
0.00585586 1.96393
0.00586587 1.96643
0.00587588 1.96893
0.00588589 1.97143
0.0058959 1.97394
0.00590591 1.97644
0.00591592 1.97894
0.00592593 1.98144
0.00593594 1.98395
0.00594595 1.98645
0.00595596 1.98895
0.00596597 1.99146
0.00597598 1.99396
0.00598599 1.99646
0.005996 1.99896
0.00600601 2.00147
0.00601602 2.00397
0.00602603 2.00647
0.00603604 2.00897
0.00604605 2.01148
0.00605606 2.01398
0.00606607 2.01648
0.00607608 2.01898
0.00608609 2.02149
0.0060961 2.02399
0.00610611 2.02649
0.00611612 2.02899
0.00612613 2.0315
0.00613614 2.034
0.00614615 2.0365
0.00615616 2.039
0.00616617 2.04151
0.00617618 2.04401
0.00618619 2.04651
0.0061962 2.04901
0.00620621 2.05152
0.00621622 2.05402
0.00622623 2.05652
0.00623624 2.05903
0.00624625 2.06153
0.00625626 2.06403
0.00626627 2.06653
0.00627628 2.06904
0.00628629 2.07154
0.0062963 2.07404
0.00630631 2.07654
0.00631632 2.07905
0.00632633 2.08155
0.00633634 2.08405
0.00634635 2.08655
0.00635636 2.08906
0.00636637 2.09156
0.00637638 2.09406
0.00638639 2.09656
0.0063964 2.09907
0.00640641 2.10157
0.00641642 2.10407
0.00642643 2.10657
0.00643644 2.10908
0.00644645 2.11158
0.00645646 2.11408
0.00646647 2.11658
0.00647648 2.11909
0.00648649 2.12159
0.0064965 2.12409
0.00650651 2.1266
0.00651652 2.1291
0.00652653 2.1316
0.00653654 2.1341
0.00654655 2.13661
0.00655656 2.13911
0.00656657 2.14161
0.00657658 2.14411
0.00658659 2.14662
0.0065966 2.14912
0.00660661 2.15162
0.00661662 2.15412
0.00662663 2.15663
0.00663664 2.15913
0.00664665 2.16163
0.00665666 2.16413
0.00666667 2.16664
0.00667668 2.16914
0.00668669 2.17164
0.0066967 2.17414
0.00670671 2.17665
0.00671672 2.17915
0.00672673 2.18165
0.00673674 2.18415
0.00674675 2.18666
0.00675676 2.18916
0.00676677 2.19166
0.00677678 2.19417
0.00678679 2.19667
0.0067968 2.19917
0.00680681 2.20167
0.00681682 2.20418
0.00682683 2.20668
0.00683684 2.20918
0.00684685 2.21168
0.00685686 2.21419
0.00686687 2.21669
0.00687688 2.21919
0.00688689 2.22169
0.0068969 2.2242
0.00690691 2.2267
0.00691692 2.2292
0.00692693 2.2317
0.00693694 2.23421
0.00694695 2.23671
0.00695696 2.23921
0.00696697 2.24171
0.00697698 2.24422
0.00698699 2.24672
0.006997 2.24922
0.00700701 2.25172
0.00701702 2.25423
0.00702703 2.25673
0.00703704 2.25923
0.00704705 2.26174
0.00705706 2.26424
0.00706707 2.26674
0.00707708 2.26924
0.00708709 2.27175
0.0070971 2.27425
0.00710711 2.27675
0.00711712 2.27925
0.00712713 2.28176
0.00713714 2.28426
0.00714715 2.28676
0.00715716 2.28926
0.00716717 2.29177
0.00717718 2.29427
0.00718719 2.29677
0.0071972 2.29927
0.00720721 2.30178
0.00721722 2.30428
0.00722723 2.30678
0.00723724 2.30928
0.00724725 2.31179
0.00725726 2.31429
0.00726727 2.31679
0.00727728 2.31929
0.00728729 2.3218
0.0072973 2.3243
0.00730731 2.3268
0.00731732 2.32931
0.00732733 2.33181
0.00733734 2.33431
0.00734735 2.33681
0.00735736 2.33932
0.00736737 2.34182
0.00737738 2.34432
0.00738739 2.34682
0.0073974 2.34933
0.00740741 2.35183
0.00741742 2.35433
0.00742743 2.35683
0.00743744 2.35934
0.00744745 2.36184
0.00745746 2.36434
0.00746747 2.36684
0.00747748 2.36935
0.00748749 2.37185
0.0074975 2.37435
0.00750751 2.37685
0.00751752 2.37936
0.00752753 2.38186
0.00753754 2.38436
0.00754755 2.38686
0.00755756 2.38937
0.00756757 2.39187
0.00757758 2.39437
0.00758759 2.39688
0.0075976 2.39938
0.00760761 2.40188
0.00761762 2.40438
0.00762763 2.40689
0.00763764 2.40939
0.00764765 2.41189
0.00765766 2.41439
0.00766767 2.4169
0.00767768 2.4194
0.00768769 2.4219
0.0076977 2.4244
0.00770771 2.42691
0.00771772 2.42941
0.00772773 2.43191
0.00773774 2.43441
0.00774775 2.43692
0.00775776 2.43942
0.00776777 2.44192
0.00777778 2.44442
0.00778779 2.44693
0.0077978 2.44943
0.00780781 2.45193
0.00781782 2.45443
0.00782783 2.45694
0.00783784 2.45944
0.00784785 2.46194
0.00785786 2.46445
0.00786787 2.46695
0.00787788 2.46945
0.00788789 2.47195
0.0078979 2.47446
0.00790791 2.47696
0.00791792 2.47946
0.00792793 2.48196
0.00793794 2.48447
0.00794795 2.48697
0.00795796 2.48947
0.00796797 2.49197
0.00797798 2.49448
0.00798799 2.49698
0.007998 2.49948
0.00800801 2.50198
0.00801802 2.50449
0.00802803 2.50699
0.00803804 2.50949
0.00804805 2.51199
0.00805806 2.5145
0.00806807 2.517
0.00807808 2.5195
0.00808809 2.522
0.0080981 2.52451
0.00810811 2.52701
0.00811812 2.52951
0.00812813 2.53202
0.00813814 2.53452
0.00814815 2.53702
0.00815816 2.53952
0.00816817 2.54203
0.00817818 2.54453
0.00818819 2.54703
0.0081982 2.54953
0.00820821 2.55204
0.00821822 2.55454
0.00822823 2.55704
0.00823824 2.55954
0.00824825 2.56205
0.00825826 2.56455
0.00826827 2.56705
0.00827828 2.56955
0.00828829 2.57206
0.0082983 2.57456
0.00830831 2.57706
0.00831832 2.57956
0.00832833 2.58207
0.00833834 2.58457
0.00834835 2.58707
0.00835836 2.58957
0.00836837 2.59208
0.00837838 2.59458
0.00838839 2.59708
0.0083984 2.59959
0.00840841 2.60209
0.00841842 2.60459
0.00842843 2.60709
0.00843844 2.6096
0.00844845 2.6121
0.00845846 2.6146
0.00846847 2.6171
0.00847848 2.61961
0.00848849 2.62211
0.0084985 2.62461
0.00850851 2.62711
0.00851852 2.62962
0.00852853 2.63212
0.00853854 2.63462
0.00854855 2.63712
0.00855856 2.63963
0.00856857 2.64213
0.00857858 2.64463
0.00858859 2.64713
0.0085986 2.64964
0.00860861 2.65214
0.00861862 2.65464
0.00862863 2.65714
0.00863864 2.65965
0.00864865 2.66215
0.00865866 2.66465
0.00866867 2.66716
0.00867868 2.66966
0.00868869 2.67216
0.0086987 2.67466
0.00870871 2.67717
0.00871872 2.67967
0.00872873 2.68217
0.00873874 2.68467
0.00874875 2.68718
0.00875876 2.68968
0.00876877 2.69218
0.00877878 2.69468
0.00878879 2.69719
0.0087988 2.69969
0.00880881 2.70219
0.00881882 2.70469
0.00882883 2.7072
0.00883884 2.7097
0.00884885 2.7122
0.00885886 2.7147
0.00886887 2.71721
0.00887888 2.71971
0.00888889 2.72221
0.0088989 2.72471
0.00890891 2.72722
0.00891892 2.72972
0.00892893 2.73222
0.00893894 2.73473
0.00894895 2.73723
0.00895896 2.73973
0.00896897 2.74223
0.00897898 2.74474
0.00898899 2.74724
0.008999 2.74974
0.00900901 2.75224
0.00901902 2.75475
0.00902903 2.75725
0.00903904 2.75975
0.00904905 2.76225
0.00905906 2.76476
0.00906907 2.76726
0.00907908 2.76976
0.00908909 2.77226
0.0090991 2.77477
0.00910911 2.77727
0.00911912 2.77977
0.00912913 2.78227
0.00913914 2.78478
0.00914915 2.78728
0.00915916 2.78978
0.00916917 2.79228
0.00917918 2.79479
0.00918919 2.79729
0.0091992 2.79979
0.00920921 2.8023
0.00921922 2.8048
0.00922923 2.8073
0.00923924 2.8098
0.00924925 2.81231
0.00925926 2.81481
0.00926927 2.81731
0.00927928 2.81981
0.00928929 2.82232
0.0092993 2.82482
0.00930931 2.82732
0.00931932 2.82982
0.00932933 2.83233
0.00933934 2.83483
0.00934935 2.83733
0.00935936 2.83983
0.00936937 2.84234
0.00937938 2.84484
0.00938939 2.84734
0.0093994 2.84984
0.00940941 2.85235
0.00941942 2.85485
0.00942943 2.85735
0.00943944 2.85985
0.00944945 2.86236
0.00945946 2.86486
0.00946947 2.86736
0.00947948 2.86987
0.00948949 2.87237
0.0094995 2.87487
0.00950951 2.87737
0.00951952 2.87988
0.00952953 2.88238
0.00953954 2.88488
0.00954955 2.88738
0.00955956 2.88989
0.00956957 2.89239
0.00957958 2.89489
0.00958959 2.89739
0.0095996 2.8999
0.00960961 2.9024
0.00961962 2.9049
0.00962963 2.9074
0.00963964 2.90991
0.00964965 2.91241
0.00965966 2.91491
0.00966967 2.91741
0.00967968 2.91992
0.00968969 2.92242
0.0096997 2.92492
0.00970971 2.92742
0.00971972 2.92993
0.00972973 2.93243
0.00973974 2.93493
0.00974975 2.93744
0.00975976 2.93994
0.00976977 2.94244
0.00977978 2.94494
0.00978979 2.94745
0.0097998 2.94995
0.00980981 2.95245
0.00981982 2.95495
0.00982983 2.95746
0.00983984 2.95996
0.00984985 2.96246
0.00985986 2.96496
0.00986987 2.96747
0.00987988 2.96997
0.00988989 2.97247
0.0098999 2.97497
0.00990991 2.97748
0.00991992 2.97998
0.00992993 2.98248
0.00993994 2.98498
0.00994995 2.98749
0.00995996 2.98999
0.00996997 2.99249
0.00997998 2.99499
0.00998999 2.9975
0.01 3
