0 1
0.00010101 1.0169
0.00020202 1.03381
0.00030303 1.05071
0.00040404 1.06761
0.000505051 1.08451
0.000606061 1.10142
0.000707071 1.11832
0.000808081 1.13522
0.000909091 1.15213
0.0010101 1.16903
0.00111111 1.18593
0.00121212 1.20283
0.00131313 1.21974
0.00141414 1.23664
0.00151515 1.25354
0.00161616 1.27045
0.00171717 1.28735
0.00181818 1.30425
0.00191919 1.32115
0.0020202 1.33806
0.00212121 1.35496
0.00222222 1.37186
0.00232323 1.38877
0.00242424 1.40567
0.00252525 1.42257
0.00262626 1.43947
0.00272727 1.45638
0.00282828 1.47328
0.00292929 1.49018
0.0030303 1.50709
0.00313131 1.55771
0.00323232 1.60833
0.00333333 1.65895
0.00343434 1.70957
0.00353535 1.7602
0.00363636 1.81082
0.00373737 1.86144
0.00383838 1.91206
0.00393939 1.96268
0.0040404 2.01331
0.00414141 2.06393
0.00424242 2.11455
0.00434343 2.16517
0.00444444 2.21579
0.00454545 2.26642
0.00464646 2.31704
0.00474747 2.36766
0.00484848 2.41828
0.00494949 2.4689
0.00505051 2.51952
0.00515152 2.57015
0.00525253 2.62077
0.00535354 2.67139
0.00545455 2.72201
0.00555556 2.77263
0.00565657 2.82326
0.00575758 2.87388
0.00585859 2.9245
0.0059596 2.97512
0.00606061 3.02574
0.00616162 3.07637
0.00626263 3.12699
0.00636364 3.17761
0.00646465 3.22823
0.00656566 3.27885
0.00666667 3.32948
0.00676768 3.3801
0.00686869 3.43072
0.0069697 3.48134
0.00707071 3.53196
0.00717172 3.58259
0.00727273 3.63321
0.00737374 3.68383
0.00747475 3.73445
0.00757576 3.78507
0.00767677 3.8357
0.00777778 3.88632
0.00787879 3.93694
0.0079798 3.98756
0.00808081 4.03818
0.00818182 4.08881
0.00828283 4.13943
0.00838384 4.19005
0.00848485 4.24067
0.00858586 4.29129
0.00868687 4.34191
0.00878788 4.39254
0.00888889 4.44316
0.0089899 4.49378
0.00909091 4.5444
0.00919192 4.59502
0.00929293 4.64565
0.00939394 4.69627
0.00949495 4.74689
0.00959596 4.79751
0.00969697 4.84813
0.00979798 4.89876
0.00989899 4.94938
0.01 5
