0 1
1.001e-05 1.002
2.002e-05 1.00401
3.003e-05 1.00601
4.004e-05 1.00801
5.00501e-05 1.01002
6.00601e-05 1.01202
7.00701e-05 1.01402
8.00801e-05 1.01603
9.00901e-05 1.01803
0.0001001 1.02004
0.00011011 1.02204
0.00012012 1.02404
0.00013013 1.02605
0.00014014 1.02805
0.00015015 1.03005
0.00016016 1.03206
0.00017017 1.03406
0.00018018 1.03606
0.00019019 1.03807
0.0002002 1.04007
0.00021021 1.04207
0.00022022 1.04408
0.00023023 1.04608
0.00024024 1.04809
0.00025025 1.05009
0.00026026 1.05209
0.00027027 1.0541
0.00028028 1.0561
0.00029029 1.0581
0.0003003 1.06011
0.00031031 1.06211
0.00032032 1.06411
0.00033033 1.06612
0.00034034 1.06812
0.00035035 1.07012
0.00036036 1.07213
0.00037037 1.07413
0.00038038 1.07614
0.00039039 1.07814
0.0004004 1.08014
0.00041041 1.08215
0.00042042 1.08415
0.00043043 1.08615
0.00044044 1.08816
0.00045045 1.09016
0.00046046 1.09216
0.00047047 1.09417
0.00048048 1.09617
0.00049049 1.09817
0.000500501 1.10018
0.000510511 1.10218
0.000520521 1.10419
0.000530531 1.10619
0.000540541 1.10819
0.000550551 1.1102
0.000560561 1.1122
0.000570571 1.1142
0.000580581 1.11621
0.000590591 1.11821
0.000600601 1.12021
0.000610611 1.12222
0.000620621 1.12422
0.000630631 1.12622
0.000640641 1.12823
0.000650651 1.13023
0.000660661 1.13224
0.000670671 1.13424
0.000680681 1.13624
0.000690691 1.13825
0.000700701 1.14025
0.000710711 1.14225
0.000720721 1.14426
0.000730731 1.14626
0.000740741 1.14826
0.000750751 1.15027
0.000760761 1.15227
0.000770771 1.15427
0.000780781 1.15628
0.000790791 1.15828
0.000800801 1.16029
0.000810811 1.16229
0.000820821 1.16429
0.000830831 1.1663
0.000840841 1.1683
0.000850851 1.1703
0.000860861 1.17231
0.000870871 1.17431
0.000880881 1.17631
0.000890891 1.17832
0.000900901 1.18032
0.000910911 1.18232
0.000920921 1.18433
0.000930931 1.18633
0.000940941 1.18834
0.000950951 1.19034
0.000960961 1.19234
0.000970971 1.19435
0.000980981 1.19635
0.000990991 1.19835
0.001001 1.20036
0.00101101 1.20236
0.00102102 1.20436
0.00103103 1.20637
0.00104104 1.20837
0.00105105 1.21037
0.00106106 1.21238
0.00107107 1.21438
0.00108108 1.21639
0.00109109 1.21839
0.0011011 1.22039
0.00111111 1.2224
0.00112112 1.2244
0.00113113 1.2264
0.00114114 1.22841
0.00115115 1.23041
0.00116116 1.23241
0.00117117 1.23442
0.00118118 1.23642
0.00119119 1.23842
0.0012012 1.24043
0.00121121 1.24243
0.00122122 1.24444
0.00123123 1.24644
0.00124124 1.24844
0.00125125 1.25045
0.00126126 1.25245
0.00127127 1.25445
0.00128128 1.25646
0.00129129 1.25846
0.0013013 1.26046
0.00131131 1.26247
0.00132132 1.26447
0.00133133 1.26647
0.00134134 1.26848
0.00135135 1.27048
0.00136136 1.27249
0.00137137 1.27449
0.00138138 1.27649
0.00139139 1.2785
0.0014014 1.2805
0.00141141 1.2825
0.00142142 1.28451
0.00143143 1.28651
0.00144144 1.28851
0.00145145 1.29052
0.00146146 1.29252
0.00147147 1.29452
0.00148148 1.29653
0.00149149 1.29853
0.0015015 1.30054
0.00151151 1.30254
0.00152152 1.30454
0.00153153 1.30655
0.00154154 1.30855
0.00155155 1.31055
0.00156156 1.31256
0.00157157 1.31456
0.00158158 1.31656
0.00159159 1.31857
0.0016016 1.32057
0.00161161 1.32257
0.00162162 1.32458
0.00163163 1.32658
0.00164164 1.32859
0.00165165 1.33059
0.00166166 1.33259
0.00167167 1.3346
0.00168168 1.3366
0.00169169 1.3386
0.0017017 1.34061
0.00171171 1.34261
0.00172172 1.34461
0.00173173 1.34662
0.00174174 1.34862
0.00175175 1.35062
0.00176176 1.35263
0.00177177 1.35463
0.00178178 1.35664
0.00179179 1.35864
0.0018018 1.36064
0.00181181 1.36265
0.00182182 1.36465
0.00183183 1.36665
0.00184184 1.36866
0.00185185 1.37066
0.00186186 1.37266
0.00187187 1.37467
0.00188188 1.37667
0.00189189 1.37867
0.0019019 1.38068
0.00191191 1.38268
0.00192192 1.38469
0.00193193 1.38669
0.00194194 1.38869
0.00195195 1.3907
0.00196196 1.3927
0.00197197 1.3947
0.00198198 1.39671
0.00199199 1.39871
0.002002 1.40071
0.00201201 1.40272
0.00202202 1.40472
0.00203203 1.40672
0.00204204 1.40873
0.00205205 1.41073
0.00206206 1.41274
0.00207207 1.41474
0.00208208 1.41674
0.00209209 1.41875
0.0021021 1.42075
0.00211211 1.42275
0.00212212 1.42476
0.00213213 1.42676
0.00214214 1.42876
0.00215215 1.43077
0.00216216 1.43277
0.00217217 1.43477
0.00218218 1.43678
0.00219219 1.43878
0.0022022 1.44079
0.00221221 1.44279
0.00222222 1.44479
0.00223223 1.4468
0.00224224 1.4488
0.00225225 1.4508
0.00226226 1.45281
0.00227227 1.45481
0.00228228 1.45681
0.00229229 1.45882
0.0023023 1.46082
0.00231231 1.46282
0.00232232 1.46483
0.00233233 1.46683
0.00234234 1.46884
0.00235235 1.47084
0.00236236 1.47284
0.00237237 1.47485
0.00238238 1.47685
0.00239239 1.47885
0.0024024 1.48086
0.00241241 1.48286
0.00242242 1.48486
0.00243243 1.48687
0.00244244 1.48887
0.00245245 1.49087
0.00246246 1.49288
0.00247247 1.49488
0.00248248 1.49689
0.00249249 1.49889
0.0025025 1.50089
0.00251251 1.5029
0.00252252 1.5049
0.00253253 1.5069
0.00254254 1.50891
0.00255255 1.51091
0.00256256 1.51291
0.00257257 1.51492
0.00258258 1.51692
0.00259259 1.51892
0.0026026 1.52093
0.00261261 1.52293
0.00262262 1.52494
0.00263263 1.52694
0.00264264 1.52894
0.00265265 1.53095
0.00266266 1.53295
0.00267267 1.53495
0.00268268 1.53696
0.00269269 1.53896
0.0027027 1.54096
0.00271271 1.54297
0.00272272 1.54497
0.00273273 1.54697
0.00274274 1.54898
0.00275275 1.55098
0.00276276 1.55299
0.00277277 1.55499
0.00278278 1.55699
0.00279279 1.559
0.0028028 1.561
0.00281281 1.563
0.00282282 1.56501
0.00283283 1.56701
0.00284284 1.56901
0.00285285 1.57102
0.00286286 1.57302
0.00287287 1.57502
0.00288288 1.57703
0.00289289 1.57903
0.0029029 1.58104
0.00291291 1.58304
0.00292292 1.58504
0.00293293 1.58705
0.00294294 1.58905
0.00295295 1.59105
0.00296296 1.59306
0.00297297 1.59506
0.00298298 1.59706
0.00299299 1.59907
0.003003 1.60107
0.00301301 1.60307
0.00302302 1.60508
0.00303303 1.60708
0.00304304 1.60909
0.00305305 1.61109
0.00306306 1.61309
0.00307307 1.6151
0.00308308 1.6171
0.00309309 1.6191
0.0031031 1.62111
0.00311311 1.62311
0.00312312 1.62511
0.00313313 1.62712
0.00314314 1.62912
0.00315315 1.63112
0.00316316 1.63313
0.00317317 1.63513
0.00318318 1.63714
0.00319319 1.63914
0.0032032 1.64114
0.00321321 1.64315
0.00322322 1.64515
0.00323323 1.64715
0.00324324 1.64916
0.00325325 1.65116
0.00326326 1.65316
0.00327327 1.65517
0.00328328 1.65717
0.00329329 1.65917
0.0033033 1.66118
0.00331331 1.66318
0.00332332 1.66519
0.00333333 1.66719
0.00334334 1.66919
0.00335335 1.6712
0.00336336 1.6732
0.00337337 1.6752
0.00338338 1.67721
0.00339339 1.67921
0.0034034 1.68121
0.00341341 1.68322
0.00342342 1.68522
0.00343343 1.68722
0.00344344 1.68923
0.00345345 1.69123
0.00346346 1.69324
0.00347347 1.69524
0.00348348 1.69724
0.00349349 1.69925
0.0035035 1.70125
0.00351351 1.70325
0.00352352 1.70526
0.00353353 1.70726
0.00354354 1.70926
0.00355355 1.71127
0.00356356 1.71327
0.00357357 1.71527
0.00358358 1.71728
0.00359359 1.71928
0.0036036 1.72129
0.00361361 1.72329
0.00362362 1.72529
0.00363363 1.7273
0.00364364 1.7293
0.00365365 1.7313
0.00366366 1.73331
0.00367367 1.73531
0.00368368 1.73731
0.00369369 1.73932
0.0037037 1.74132
0.00371371 1.74332
0.00372372 1.74533
0.00373373 1.74733
0.00374374 1.74934
0.00375375 1.75134
0.00376376 1.75334
0.00377377 1.75535
0.00378378 1.75735
0.00379379 1.75935
0.0038038 1.76136
0.00381381 1.76336
0.00382382 1.76536
0.00383383 1.76737
0.00384384 1.76937
0.00385385 1.77137
0.00386386 1.77338
0.00387387 1.77538
0.00388388 1.77739
0.00389389 1.77939
0.0039039 1.78139
0.00391391 1.7834
0.00392392 1.7854
0.00393393 1.7874
0.00394394 1.78941
0.00395395 1.79141
0.00396396 1.79341
0.00397397 1.79542
0.00398398 1.79742
0.00399399 1.79942
0.004004 1.80143
0.00401401 1.80343
0.00402402 1.80544
0.00403403 1.80744
0.00404404 1.80944
0.00405405 1.81145
0.00406406 1.81345
0.00407407 1.81545
0.00408408 1.81746
0.00409409 1.81946
0.0041041 1.82146
0.00411411 1.82347
0.00412412 1.82547
0.00413413 1.82747
0.00414414 1.82948
0.00415415 1.83148
0.00416416 1.83349
0.00417417 1.83549
0.00418418 1.83749
0.00419419 1.8395
0.0042042 1.8415
0.00421421 1.8435
0.00422422 1.84551
0.00423423 1.84751
0.00424424 1.84951
0.00425425 1.85152
0.00426426 1.85352
0.00427427 1.85552
0.00428428 1.85753
0.00429429 1.85953
0.0043043 1.86154
0.00431431 1.86354
0.00432432 1.86554
0.00433433 1.86755
0.00434434 1.86955
0.00435435 1.87155
0.00436436 1.87356
0.00437437 1.87556
0.00438438 1.87756
0.00439439 1.87957
0.0044044 1.88157
0.00441441 1.88357
0.00442442 1.88558
0.00443443 1.88758
0.00444444 1.88959
0.00445445 1.89159
0.00446446 1.89359
0.00447447 1.8956
0.00448448 1.8976
0.00449449 1.8996
0.0045045 1.90161
0.00451451 1.90361
0.00452452 1.90561
0.00453453 1.90762
0.00454454 1.90962
0.00455455 1.91162
0.00456456 1.91363
0.00457457 1.91563
0.00458458 1.91764
0.00459459 1.91964
0.0046046 1.92164
0.00461461 1.92365
0.00462462 1.92565
0.00463463 1.92765
0.00464464 1.92966
0.00465465 1.93166
0.00466466 1.93366
0.00467467 1.93567
0.00468468 1.93767
0.00469469 1.93967
0.0047047 1.94168
0.00471471 1.94368
0.00472472 1.94569
0.00473473 1.94769
0.00474474 1.94969
0.00475475 1.9517
0.00476476 1.9537
0.00477477 1.9557
0.00478478 1.95771
0.00479479 1.95971
0.0048048 1.96171
0.00481481 1.96372
0.00482482 1.96572
0.00483483 1.96772
0.00484484 1.96973
0.00485485 1.97173
0.00486486 1.97374
0.00487487 1.97574
0.00488488 1.97774
0.00489489 1.97975
0.0049049 1.98175
0.00491491 1.98375
0.00492492 1.98576
0.00493493 1.98776
0.00494494 1.98976
0.00495495 1.99177
0.00496496 1.99377
0.00497497 1.99577
0.00498498 1.99778
0.00499499 1.99978
0.00500501 2.00578
0.00501502 2.01178
0.00502503 2.01778
0.00503504 2.02378
0.00504505 2.02978
0.00505506 2.03578
0.00506507 2.04178
0.00507508 2.04779
0.00508509 2.05379
0.0050951 2.05979
0.00510511 2.06579
0.00511512 2.07179
0.00512513 2.07779
0.00513514 2.08379
0.00514515 2.08979
0.00515516 2.09579
0.00516517 2.10179
0.00517518 2.10779
0.00518519 2.11379
0.0051952 2.11979
0.00520521 2.12579
0.00521522 2.13179
0.00522523 2.13779
0.00523524 2.14379
0.00524525 2.14979
0.00525526 2.15579
0.00526527 2.16179
0.00527528 2.16779
0.00528529 2.17379
0.0052953 2.17979
0.00530531 2.1858
0.00531532 2.1918
0.00532533 2.1978
0.00533534 2.2038
0.00534535 2.2098
0.00535536 2.2158
0.00536537 2.2218
0.00537538 2.2278
0.00538539 2.2338
0.0053954 2.2398
0.00540541 2.2458
0.00541542 2.2518
0.00542543 2.2578
0.00543544 2.2638
0.00544545 2.2698
0.00545546 2.2758
0.00546547 2.2818
0.00547548 2.2878
0.00548549 2.2938
0.0054955 2.2998
0.00550551 2.3058
0.00551552 2.3118
0.00552553 2.3178
0.00553554 2.32381
0.00554555 2.32981
0.00555556 2.33581
0.00556557 2.34181
0.00557558 2.34781
0.00558559 2.35381
0.0055956 2.35981
0.00560561 2.36581
0.00561562 2.37181
0.00562563 2.37781
0.00563564 2.38381
0.00564565 2.38981
0.00565566 2.39581
0.00566567 2.40181
0.00567568 2.40781
0.00568569 2.41381
0.0056957 2.41981
0.00570571 2.42581
0.00571572 2.43181
0.00572573 2.43781
0.00573574 2.44381
0.00574575 2.44981
0.00575576 2.45581
0.00576577 2.46182
0.00577578 2.46782
0.00578579 2.47382
0.0057958 2.47982
0.00580581 2.48582
0.00581582 2.49182
0.00582583 2.49782
0.00583584 2.50382
0.00584585 2.50982
0.00585586 2.51582
0.00586587 2.52182
0.00587588 2.52782
0.00588589 2.53382
0.0058959 2.53982
0.00590591 2.54582
0.00591592 2.55182
0.00592593 2.55782
0.00593594 2.56382
0.00594595 2.56982
0.00595596 2.57582
0.00596597 2.58182
0.00597598 2.58782
0.00598599 2.59382
0.005996 2.59983
0.00600601 2.60583
0.00601602 2.61183
0.00602603 2.61783
0.00603604 2.62383
0.00604605 2.62983
0.00605606 2.63583
0.00606607 2.64183
0.00607608 2.64783
0.00608609 2.65383
0.0060961 2.65983
0.00610611 2.66583
0.00611612 2.67183
0.00612613 2.67783
0.00613614 2.68383
0.00614615 2.68983
0.00615616 2.69583
0.00616617 2.70183
0.00617618 2.70783
0.00618619 2.71383
0.0061962 2.71983
0.00620621 2.72583
0.00621622 2.73183
0.00622623 2.73784
0.00623624 2.74384
0.00624625 2.74984
0.00625626 2.75584
0.00626627 2.76184
0.00627628 2.76784
0.00628629 2.77384
0.0062963 2.77984
0.00630631 2.78584
0.00631632 2.79184
0.00632633 2.79784
0.00633634 2.80384
0.00634635 2.80984
0.00635636 2.81584
0.00636637 2.82184
0.00637638 2.82784
0.00638639 2.83384
0.0063964 2.83984
0.00640641 2.84584
0.00641642 2.85184
0.00642643 2.85784
0.00643644 2.86384
0.00644645 2.86984
0.00645646 2.87585
0.00646647 2.88185
0.00647648 2.88785
0.00648649 2.89385
0.0064965 2.89985
0.00650651 2.90585
0.00651652 2.91185
0.00652653 2.91785
0.00653654 2.92385
0.00654655 2.92985
0.00655656 2.93585
0.00656657 2.94185
0.00657658 2.94785
0.00658659 2.95385
0.0065966 2.95985
0.00660661 2.96585
0.00661662 2.97185
0.00662663 2.97785
0.00663664 2.98385
0.00664665 2.98985
0.00665666 2.99585
0.00666667 3.00185
0.00667668 3.00786
0.00668669 3.01386
0.0066967 3.01986
0.00670671 3.02586
0.00671672 3.03186
0.00672673 3.03786
0.00673674 3.04386
0.00674675 3.04986
0.00675676 3.05586
0.00676677 3.06186
0.00677678 3.06786
0.00678679 3.07386
0.0067968 3.07986
0.00680681 3.08586
0.00681682 3.09186
0.00682683 3.09786
0.00683684 3.10386
0.00684685 3.10986
0.00685686 3.11586
0.00686687 3.12186
0.00687688 3.12786
0.00688689 3.13386
0.0068969 3.13986
0.00690691 3.14587
0.00691692 3.15187
0.00692693 3.15787
0.00693694 3.16387
0.00694695 3.16987
0.00695696 3.17587
0.00696697 3.18187
0.00697698 3.18787
0.00698699 3.19387
0.006997 3.19987
0.00700701 3.20587
0.00701702 3.21187
0.00702703 3.21787
0.00703704 3.22387
0.00704705 3.22987
0.00705706 3.23587
0.00706707 3.24187
0.00707708 3.24787
0.00708709 3.25387
0.0070971 3.25987
0.00710711 3.26587
0.00711712 3.27187
0.00712713 3.27787
0.00713714 3.28388
0.00714715 3.28988
0.00715716 3.29588
0.00716717 3.30188
0.00717718 3.30788
0.00718719 3.31388
0.0071972 3.31988
0.00720721 3.32588
0.00721722 3.33188
0.00722723 3.33788
0.00723724 3.34388
0.00724725 3.34988
0.00725726 3.35588
0.00726727 3.36188
0.00727728 3.36788
0.00728729 3.37388
0.0072973 3.37988
0.00730731 3.38588
0.00731732 3.39188
0.00732733 3.39788
0.00733734 3.40388
0.00734735 3.40988
0.00735736 3.41588
0.00736737 3.42189
0.00737738 3.42789
0.00738739 3.43389
0.0073974 3.43989
0.00740741 3.44589
0.00741742 3.45189
0.00742743 3.45789
0.00743744 3.46389
0.00744745 3.46989
0.00745746 3.47589
0.00746747 3.48189
0.00747748 3.48789
0.00748749 3.49389
0.0074975 3.49989
0.00750751 3.50589
0.00751752 3.51189
0.00752753 3.51789
0.00753754 3.52389
0.00754755 3.52989
0.00755756 3.53589
0.00756757 3.54189
0.00757758 3.54789
0.00758759 3.55389
0.0075976 3.5599
0.00760761 3.5659
0.00761762 3.5719
0.00762763 3.5779
0.00763764 3.5839
0.00764765 3.5899
0.00765766 3.5959
0.00766767 3.6019
0.00767768 3.6079
0.00768769 3.6139
0.0076977 3.6199
0.00770771 3.6259
0.00771772 3.6319
0.00772773 3.6379
0.00773774 3.6439
0.00774775 3.6499
0.00775776 3.6559
0.00776777 3.6619
0.00777778 3.6679
0.00778779 3.6739
0.0077978 3.6799
0.00780781 3.6859
0.00781782 3.6919
0.00782783 3.69791
0.00783784 3.70391
0.00784785 3.70991
0.00785786 3.71591
0.00786787 3.72191
0.00787788 3.72791
0.00788789 3.73391
0.0078979 3.73991
0.00790791 3.74591
0.00791792 3.75191
0.00792793 3.75791
0.00793794 3.76391
0.00794795 3.76991
0.00795796 3.77591
0.00796797 3.78191
0.00797798 3.78791
0.00798799 3.79391
0.007998 3.79991
0.00800801 3.80591
0.00801802 3.81191
0.00802803 3.81791
0.00803804 3.82391
0.00804805 3.82991
0.00805806 3.83592
0.00806807 3.84192
0.00807808 3.84792
0.00808809 3.85392
0.0080981 3.85992
0.00810811 3.86592
0.00811812 3.87192
0.00812813 3.87792
0.00813814 3.88392
0.00814815 3.88992
0.00815816 3.89592
0.00816817 3.90192
0.00817818 3.90792
0.00818819 3.91392
0.0081982 3.91992
0.00820821 3.92592
0.00821822 3.93192
0.00822823 3.93792
0.00823824 3.94392
0.00824825 3.94992
0.00825826 3.95592
0.00826827 3.96192
0.00827828 3.96792
0.00828829 3.97393
0.0082983 3.97993
0.00830831 3.98593
0.00831832 3.99193
0.00832833 3.99793
0.00833834 4.00393
0.00834835 4.00993
0.00835836 4.01593
0.00836837 4.02193
0.00837838 4.02793
0.00838839 4.03393
0.0083984 4.03993
0.00840841 4.04593
0.00841842 4.05193
0.00842843 4.05793
0.00843844 4.06393
0.00844845 4.06993
0.00845846 4.07593
0.00846847 4.08193
0.00847848 4.08793
0.00848849 4.09393
0.0084985 4.09993
0.00850851 4.10593
0.00851852 4.11194
0.00852853 4.11794
0.00853854 4.12394
0.00854855 4.12994
0.00855856 4.13594
0.00856857 4.14194
0.00857858 4.14794
0.00858859 4.15394
0.0085986 4.15994
0.00860861 4.16594
0.00861862 4.17194
0.00862863 4.17794
0.00863864 4.18394
0.00864865 4.18994
0.00865866 4.19594
0.00866867 4.20194
0.00867868 4.20794
0.00868869 4.21394
0.0086987 4.21994
0.00870871 4.22594
0.00871872 4.23194
0.00872873 4.23794
0.00873874 4.24394
0.00874875 4.24995
0.00875876 4.25595
0.00876877 4.26195
0.00877878 4.26795
0.00878879 4.27395
0.0087988 4.27995
0.00880881 4.28595
0.00881882 4.29195
0.00882883 4.29795
0.00883884 4.30395
0.00884885 4.30995
0.00885886 4.31595
0.00886887 4.32195
0.00887888 4.32795
0.00888889 4.33395
0.0088989 4.33995
0.00890891 4.34595
0.00891892 4.35195
0.00892893 4.35795
0.00893894 4.36395
0.00894895 4.36995
0.00895896 4.37595
0.00896897 4.38196
0.00897898 4.38796
0.00898899 4.39396
0.008999 4.39996
0.00900901 4.40596
0.00901902 4.41196
0.00902903 4.41796
0.00903904 4.42396
0.00904905 4.42996
0.00905906 4.43596
0.00906907 4.44196
0.00907908 4.44796
0.00908909 4.45396
0.0090991 4.45996
0.00910911 4.46596
0.00911912 4.47196
0.00912913 4.47796
0.00913914 4.48396
0.00914915 4.48996
0.00915916 4.49596
0.00916917 4.50196
0.00917918 4.50796
0.00918919 4.51396
0.0091992 4.51997
0.00920921 4.52597
0.00921922 4.53197
0.00922923 4.53797
0.00923924 4.54397
0.00924925 4.54997
0.00925926 4.55597
0.00926927 4.56197
0.00927928 4.56797
0.00928929 4.57397
0.0092993 4.57997
0.00930931 4.58597
0.00931932 4.59197
0.00932933 4.59797
0.00933934 4.60397
0.00934935 4.60997
0.00935936 4.61597
0.00936937 4.62197
0.00937938 4.62797
0.00938939 4.63397
0.0093994 4.63997
0.00940941 4.64597
0.00941942 4.65197
0.00942943 4.65798
0.00943944 4.66398
0.00944945 4.66998
0.00945946 4.67598
0.00946947 4.68198
0.00947948 4.68798
0.00948949 4.69398
0.0094995 4.69998
0.00950951 4.70598
0.00951952 4.71198
0.00952953 4.71798
0.00953954 4.72398
0.00954955 4.72998
0.00955956 4.73598
0.00956957 4.74198
0.00957958 4.74798
0.00958959 4.75398
0.0095996 4.75998
0.00960961 4.76598
0.00961962 4.77198
0.00962963 4.77798
0.00963964 4.78398
0.00964965 4.78998
0.00965966 4.79599
0.00966967 4.80199
0.00967968 4.80799
0.00968969 4.81399
0.0096997 4.81999
0.00970971 4.82599
0.00971972 4.83199
0.00972973 4.83799
0.00973974 4.84399
0.00974975 4.84999
0.00975976 4.85599
0.00976977 4.86199
0.00977978 4.86799
0.00978979 4.87399
0.0097998 4.87999
0.00980981 4.88599
0.00981982 4.89199
0.00982983 4.89799
0.00983984 4.90399
0.00984985 4.90999
0.00985986 4.91599
0.00986987 4.92199
0.00987988 4.92799
0.00988989 4.934
0.0098999 4.94
0.00990991 4.946
0.00991992 4.952
0.00992993 4.958
0.00993994 4.964
0.00994995 4.97
0.00995996 4.976
0.00996997 4.982
0.00997998 4.988
0.00998999 4.994
0.01 5
