0 1
0.00010101 1.01006
0.00020202 1.02013
0.00030303 1.03019
0.00040404 1.04025
0.000505051 1.05032
0.000606061 1.06038
0.000707071 1.07044
0.000808081 1.08051
0.000909091 1.09057
0.0010101 1.10063
0.00111111 1.1107
0.00121212 1.12076
0.00131313 1.13082
0.00141414 1.14089
0.00151515 1.15095
0.00161616 1.16101
0.00171717 1.17107
0.00181818 1.18114
0.00191919 1.1912
0.0020202 1.20126
0.00212121 1.21133
0.00222222 1.22139
0.00232323 1.23145
0.00242424 1.24152
0.00252525 1.25158
0.00262626 1.26164
0.00272727 1.27171
0.00282828 1.28177
0.00292929 1.29183
0.0030303 1.3019
0.00313131 1.31196
0.00323232 1.32202
0.00333333 1.33209
0.00343434 1.34215
0.00353535 1.35221
0.00363636 1.36228
0.00373737 1.37234
0.00383838 1.3824
0.00393939 1.39247
0.0040404 1.40253
0.00414141 1.41259
0.00424242 1.42266
0.00434343 1.43272
0.00444444 1.44278
0.00454545 1.45284
0.00464646 1.46291
0.00474747 1.47297
0.00484848 1.48303
0.00494949 1.4931
0.00505051 1.52324
0.00515152 1.55337
0.00525253 1.58351
0.00535354 1.61365
0.00545455 1.64379
0.00555556 1.67393
0.00565657 1.70406
0.00575758 1.7342
0.00585859 1.76434
0.0059596 1.79448
0.00606061 1.82462
0.00616162 1.85475
0.00626263 1.88489
0.00636364 1.91503
0.00646465 1.94517
0.00656566 1.97531
0.00666667 2.00544
0.00676768 2.03558
0.00686869 2.06572
0.0069697 2.09586
0.00707071 2.126
0.00717172 2.15613
0.00727273 2.18627
0.00737374 2.21641
0.00747475 2.24655
0.00757576 2.27669
0.00767677 2.30682
0.00777778 2.33696
0.00787879 2.3671
0.0079798 2.39724
0.00808081 2.42738
0.00818182 2.45752
0.00828283 2.48765
0.00838384 2.51779
0.00848485 2.54793
0.00858586 2.57807
0.00868687 2.60821
0.00878788 2.63834
0.00888889 2.66848
0.0089899 2.69862
0.00909091 2.72876
0.00919192 2.7589
0.00929293 2.78903
0.00939394 2.81917
0.00949495 2.84931
0.00959596 2.87945
0.00969697 2.90959
0.00979798 2.93972
0.00989899 2.96986
0.01 3
